::1 - - [04/Nov/2016:15:23:11 +0000] "GET / HTTP/1.1" 304 - "-" "Mozilla/5.0 (Windows NT 10.0; Win64; x64) AppleWebKit/537.36 (KHTML, like Gecko) Chrome/54.0.2840.71 Safari/537.36"
::1 - - [04/Nov/2016:15:24:35 +0000] "GET / HTTP/1.1" 200 99 "-" "Mozilla/5.0 (Windows NT 10.0; Win64; x64) AppleWebKit/537.36 (KHTML, like Gecko) Chrome/54.0.2840.71 Safari/537.36"
::1 - - [04/Nov/2016:15:34:54 +0000] "GET /asfafdssdff HTTP/1.1" 404 1087 "-" "Mozilla/5.0 (Windows NT 10.0; Win64; x64) AppleWebKit/537.36 (KHTML, like Gecko) Chrome/54.0.2840.71 Safari/537.36"
::1 - - [04/Nov/2016:15:35:14 +0000] "GET /asfafdssdff HTTP/1.1" 404 24 "-" "Mozilla/5.0 (Windows NT 10.0; Win64; x64) AppleWebKit/537.36 (KHTML, like Gecko) Chrome/54.0.2840.71 Safari/537.36"
::1 - - [04/Nov/2016:15:36:13 +0000] "GET / HTTP/1.1" 304 - "-" "Mozilla/5.0 (Windows NT 10.0; Win64; x64) AppleWebKit/537.36 (KHTML, like Gecko) Chrome/54.0.2840.71 Safari/537.36"
::1 - - [04/Nov/2016:15:36:53 +0000] "GET / HTTP/1.1" 404 1087 "-" "Mozilla/5.0 (Windows NT 10.0; Win64; x64) AppleWebKit/537.36 (KHTML, like Gecko) Chrome/54.0.2840.71 Safari/537.36"
::1 - - [04/Nov/2016:15:37:01 +0000] "GET /register HTTP/1.1" 404 1087 "-" "Mozilla/5.0 (Windows NT 10.0; Win64; x64) AppleWebKit/537.36 (KHTML, like Gecko) Chrome/54.0.2840.71 Safari/537.36"
::1 - - [04/Nov/2016:15:39:04 +0000] "GET /register HTTP/1.1" 404 1150 "-" "Mozilla/5.0 (Windows NT 10.0; Win64; x64) AppleWebKit/537.36 (KHTML, like Gecko) Chrome/54.0.2840.71 Safari/537.36"
::1 - - [04/Nov/2016:15:42:35 +0000] "GET /register HTTP/1.1" 200 22 "-" "Mozilla/5.0 (Windows NT 10.0; Win64; x64) AppleWebKit/537.36 (KHTML, like Gecko) Chrome/54.0.2840.71 Safari/537.36"
::1 - - [04/Nov/2016:15:43:37 +0000] "POST /register HTTP/1.1" 400 836 "-" "Mozilla/5.0 (Windows NT 10.0; Win64; x64) AppleWebKit/537.36 (KHTML, like Gecko) Chrome/54.0.2840.71 Safari/537.36"
::1 - - [04/Nov/2016:15:43:46 +0000] "POST /register HTTP/1.1" 200 32 "-" "Mozilla/5.0 (Windows NT 10.0; Win64; x64) AppleWebKit/537.36 (KHTML, like Gecko) Chrome/54.0.2840.71 Safari/537.36"
::1 - - [04/Nov/2016:15:43:54 +0000] "POST /register HTTP/1.1" 200 22 "-" "Mozilla/5.0 (Windows NT 10.0; Win64; x64) AppleWebKit/537.36 (KHTML, like Gecko) Chrome/54.0.2840.71 Safari/537.36"
::1 - - [04/Nov/2016:15:47:12 +0000] "POST /register HTTP/1.1" 200 40 "-" "Mozilla/5.0 (Windows NT 10.0; Win64; x64) AppleWebKit/537.36 (KHTML, like Gecko) Chrome/54.0.2840.71 Safari/537.36"
::1 - - [04/Nov/2016:15:48:32 +0000] "POST /register HTTP/1.1" 200 22 "-" "Mozilla/5.0 (Windows NT 10.0; Win64; x64) AppleWebKit/537.36 (KHTML, like Gecko) Chrome/54.0.2840.71 Safari/537.36"
::1 - - [04/Nov/2016:15:48:51 +0000] "POST /register HTTP/1.1" 200 32 "-" "Mozilla/5.0 (Windows NT 10.0; Win64; x64) AppleWebKit/537.36 (KHTML, like Gecko) Chrome/54.0.2840.71 Safari/537.36"
::1 - - [07/Nov/2016:16:05:22 +0000] "GET / HTTP/1.1" 200 40 "-" "Mozilla/5.0 (Windows NT 10.0; Win64; x64) AppleWebKit/537.36 (KHTML, like Gecko) Chrome/54.0.2840.71 Safari/537.36"
::1 - - [07/Nov/2016:16:05:23 +0000] "GET /favicon.ico HTTP/1.1" 200 40 "http://localhost:4000/" "Mozilla/5.0 (Windows NT 10.0; Win64; x64) AppleWebKit/537.36 (KHTML, like Gecko) Chrome/54.0.2840.71 Safari/537.36"
::1 - - [08/Nov/2016:15:10:01 +0000] "POST /register HTTP/1.1" 200 40 "-" "Mozilla/5.0 (Windows NT 10.0; Win64; x64) AppleWebKit/537.36 (KHTML, like Gecko) Chrome/54.0.2840.71 Safari/537.36"
::1 - - [08/Nov/2016:15:10:31 +0000] "POST /register HTTP/1.1" 500 1787 "-" "Mozilla/5.0 (Windows NT 10.0; Win64; x64) AppleWebKit/537.36 (KHTML, like Gecko) Chrome/54.0.2840.71 Safari/537.36"
::1 - - [08/Nov/2016:15:11:20 +0000] "POST /register HTTP/1.1" 500 1787 "-" "Mozilla/5.0 (Windows NT 10.0; Win64; x64) AppleWebKit/537.36 (KHTML, like Gecko) Chrome/54.0.2840.71 Safari/537.36"
::1 - - [08/Nov/2016:15:11:56 +0000] "POST /register HTTP/1.1" 500 1787 "-" "Mozilla/5.0 (Windows NT 10.0; Win64; x64) AppleWebKit/537.36 (KHTML, like Gecko) Chrome/54.0.2840.71 Safari/537.36"
::1 - - [08/Nov/2016:15:17:56 +0000] "POST /register HTTP/1.1" 200 80 "-" "Mozilla/5.0 (Windows NT 10.0; Win64; x64) AppleWebKit/537.36 (KHTML, like Gecko) Chrome/54.0.2840.71 Safari/537.36"
::1 - - [08/Nov/2016:15:20:01 +0000] "POST /register HTTP/1.1" 200 80 "-" "Mozilla/5.0 (Windows NT 10.0; Win64; x64) AppleWebKit/537.36 (KHTML, like Gecko) Chrome/54.0.2840.71 Safari/537.36"
::1 - - [08/Nov/2016:15:24:27 +0000] "POST /register HTTP/1.1" 200 14 "-" "Mozilla/5.0 (Windows NT 10.0; Win64; x64) AppleWebKit/537.36 (KHTML, like Gecko) Chrome/54.0.2840.71 Safari/537.36"
::1 - - [08/Nov/2016:15:26:19 +0000] "POST /register HTTP/1.1" 200 14 "-" "Mozilla/5.0 (Windows NT 10.0; Win64; x64) AppleWebKit/537.36 (KHTML, like Gecko) Chrome/54.0.2840.71 Safari/537.36"
::1 - - [08/Nov/2016:15:27:39 +0000] "POST /register HTTP/1.1" 200 137 "-" "Mozilla/5.0 (Windows NT 10.0; Win64; x64) AppleWebKit/537.36 (KHTML, like Gecko) Chrome/54.0.2840.71 Safari/537.36"
::1 - - [08/Nov/2016:15:36:50 +0000] "POST /register HTTP/1.1" 400 916 "-" "Mozilla/5.0 (Windows NT 10.0; Win64; x64) AppleWebKit/537.36 (KHTML, like Gecko) Chrome/54.0.2840.71 Safari/537.36"
::1 - - [08/Nov/2016:15:37:13 +0000] "POST /register HTTP/1.1" 200 167 "-" "Mozilla/5.0 (Windows NT 10.0; Win64; x64) AppleWebKit/537.36 (KHTML, like Gecko) Chrome/54.0.2840.71 Safari/537.36"
::1 - - [08/Nov/2016:15:42:21 +0000] "POST /register HTTP/1.1" 200 208 "-" "Mozilla/5.0 (Windows NT 10.0; Win64; x64) AppleWebKit/537.36 (KHTML, like Gecko) Chrome/54.0.2840.71 Safari/537.36"
::1 - - [08/Nov/2016:15:47:07 +0000] "POST /register HTTP/1.1" 200 363 "-" "Mozilla/5.0 (Windows NT 10.0; Win64; x64) AppleWebKit/537.36 (KHTML, like Gecko) Chrome/54.0.2840.71 Safari/537.36"
::1 - - [08/Nov/2016:15:47:57 +0000] "POST /register HTTP/1.1" 200 363 "-" "Mozilla/5.0 (Windows NT 10.0; Win64; x64) AppleWebKit/537.36 (KHTML, like Gecko) Chrome/54.0.2840.71 Safari/537.36"
::1 - - [08/Nov/2016:15:48:41 +0000] "POST /register HTTP/1.1" 200 363 "-" "Mozilla/5.0 (Windows NT 10.0; Win64; x64) AppleWebKit/537.36 (KHTML, like Gecko) Chrome/54.0.2840.71 Safari/537.36"
::1 - - [08/Nov/2016:15:53:45 +0000] "POST /register HTTP/1.1" 200 313 "-" "Mozilla/5.0 (Windows NT 10.0; Win64; x64) AppleWebKit/537.36 (KHTML, like Gecko) Chrome/54.0.2840.71 Safari/537.36"
::1 - - [08/Nov/2016:15:54:06 +0000] "POST /register HTTP/1.1" 200 232 "-" "Mozilla/5.0 (Windows NT 10.0; Win64; x64) AppleWebKit/537.36 (KHTML, like Gecko) Chrome/54.0.2840.71 Safari/537.36"
::1 - - [15/Nov/2016:03:09:04 +0000] "GET / HTTP/1.1" 200 99 "-" "Mozilla/5.0 (Windows NT 10.0; Win64; x64) AppleWebKit/537.36 (KHTML, like Gecko) Chrome/54.0.2840.71 Safari/537.36"
::1 - - [15/Nov/2016:03:09:04 +0000] "GET /favicon.ico HTTP/1.1" 404 24 "http://localhost:4000/" "Mozilla/5.0 (Windows NT 10.0; Win64; x64) AppleWebKit/537.36 (KHTML, like Gecko) Chrome/54.0.2840.71 Safari/537.36"
::1 - - [15/Nov/2016:03:09:10 +0000] "GET /blog HTTP/1.1" 404 17 "-" "Mozilla/5.0 (Windows NT 10.0; Win64; x64) AppleWebKit/537.36 (KHTML, like Gecko) Chrome/54.0.2840.71 Safari/537.36"
::1 - - [15/Nov/2016:03:09:38 +0000] "GET /blog HTTP/1.1" 200 87 "-" "Mozilla/5.0 (Windows NT 10.0; Win64; x64) AppleWebKit/537.36 (KHTML, like Gecko) Chrome/54.0.2840.71 Safari/537.36"
::1 - - [15/Nov/2016:03:15:26 +0000] "GET /blog HTTP/1.1" 200 169 "-" "Mozilla/5.0 (Windows NT 10.0; Win64; x64) AppleWebKit/537.36 (KHTML, like Gecko) Chrome/54.0.2840.71 Safari/537.36"
::1 - - [15/Nov/2016:03:15:26 +0000] "GET /bower_components/bootstrap/dist/css/bootstrap.css HTTP/1.1" 404 62 "http://localhost:4000/blog" "Mozilla/5.0 (Windows NT 10.0; Win64; x64) AppleWebKit/537.36 (KHTML, like Gecko) Chrome/54.0.2840.71 Safari/537.36"
::1 - - [15/Nov/2016:03:15:26 +0000] "GET /favicon.ico HTTP/1.1" 404 24 "http://localhost:4000/blog" "Mozilla/5.0 (Windows NT 10.0; Win64; x64) AppleWebKit/537.36 (KHTML, like Gecko) Chrome/54.0.2840.71 Safari/537.36"
::1 - - [15/Nov/2016:03:15:29 +0000] "GET /bower_components/bootstrap/dist/css/bootstrap.css HTTP/1.1" 404 62 "http://localhost:4000/blog" "Mozilla/5.0 (Windows NT 10.0; Win64; x64) AppleWebKit/537.36 (KHTML, like Gecko) Chrome/54.0.2840.71 Safari/537.36"
::1 - - [15/Nov/2016:03:16:45 +0000] "GET /blog HTTP/1.1" 304 - "-" "Mozilla/5.0 (Windows NT 10.0; Win64; x64) AppleWebKit/537.36 (KHTML, like Gecko) Chrome/54.0.2840.71 Safari/537.36"
::1 - - [15/Nov/2016:03:16:45 +0000] "GET /bower_components/bootstrap/dist/css/bootstrap.css HTTP/1.1" 200 146010 "http://localhost:4000/blog" "Mozilla/5.0 (Windows NT 10.0; Win64; x64) AppleWebKit/537.36 (KHTML, like Gecko) Chrome/54.0.2840.71 Safari/537.36"
::1 - - [15/Nov/2016:03:16:45 +0000] "GET /bower_components/bootstrap/dist/css/bootstrap.css.map HTTP/1.1" 200 389287 "-" "Mozilla/5.0 (Windows NT 10.0; Win64; x64) AppleWebKit/537.36 (KHTML, like Gecko) Chrome/54.0.2840.71 Safari/537.36"
::1 - - [15/Nov/2016:03:22:00 +0000] "GET /blog-create HTTP/1.1" 200 428 "-" "Mozilla/5.0 (Windows NT 10.0; Win64; x64) AppleWebKit/537.36 (KHTML, like Gecko) Chrome/54.0.2840.71 Safari/537.36"
::1 - - [15/Nov/2016:03:22:00 +0000] "GET /bower_components/bootstrap/dist/css/bootstrap.css HTTP/1.1" 304 - "http://localhost:4000/blog-create" "Mozilla/5.0 (Windows NT 10.0; Win64; x64) AppleWebKit/537.36 (KHTML, like Gecko) Chrome/54.0.2840.71 Safari/537.36"
::1 - - [15/Nov/2016:03:22:00 +0000] "GET /bower_components/bootstrap/dist/css/bootstrap.css.map HTTP/1.1" 304 - "-" "Mozilla/5.0 (Windows NT 10.0; Win64; x64) AppleWebKit/537.36 (KHTML, like Gecko) Chrome/54.0.2840.71 Safari/537.36"
::1 - - [15/Nov/2016:03:23:24 +0000] "GET /blog-create HTTP/1.1" 200 434 "-" "Mozilla/5.0 (Windows NT 10.0; Win64; x64) AppleWebKit/537.36 (KHTML, like Gecko) Chrome/54.0.2840.71 Safari/537.36"
::1 - - [15/Nov/2016:03:23:24 +0000] "GET /bower_components/bootstrap/dist/css/bootstrap.css HTTP/1.1" 304 - "http://localhost:4000/blog-create" "Mozilla/5.0 (Windows NT 10.0; Win64; x64) AppleWebKit/537.36 (KHTML, like Gecko) Chrome/54.0.2840.71 Safari/537.36"
::1 - - [15/Nov/2016:03:23:24 +0000] "GET /bower_components/bootstrap/dist/css/bootstrap.css.map HTTP/1.1" 304 - "-" "Mozilla/5.0 (Windows NT 10.0; Win64; x64) AppleWebKit/537.36 (KHTML, like Gecko) Chrome/54.0.2840.71 Safari/537.36"
::1 - - [15/Nov/2016:03:23:35 +0000] "POST /blog HTTP/1.1" 200 135 "http://localhost:4000/blog-create" "Mozilla/5.0 (Windows NT 10.0; Win64; x64) AppleWebKit/537.36 (KHTML, like Gecko) Chrome/54.0.2840.71 Safari/537.36"
::1 - - [15/Nov/2016:03:29:47 +0000] "POST /blog HTTP/1.1" 500 1599 "http://localhost:4000/blog-create" "Mozilla/5.0 (Windows NT 10.0; Win64; x64) AppleWebKit/537.36 (KHTML, like Gecko) Chrome/54.0.2840.71 Safari/537.36"
::1 - - [15/Nov/2016:03:30:02 +0000] "POST /blog HTTP/1.1" 500 1598 "http://localhost:4000/blog-create" "Mozilla/5.0 (Windows NT 10.0; Win64; x64) AppleWebKit/537.36 (KHTML, like Gecko) Chrome/54.0.2840.71 Safari/537.36"
::1 - - [15/Nov/2016:03:30:32 +0000] "POST /blog HTTP/1.1" 500 1598 "http://localhost:4000/blog-create" "Mozilla/5.0 (Windows NT 10.0; Win64; x64) AppleWebKit/537.36 (KHTML, like Gecko) Chrome/54.0.2840.71 Safari/537.36"
::1 - - [15/Nov/2016:03:31:19 +0000] "POST /blog HTTP/1.1" 500 1354 "http://localhost:4000/blog-create" "Mozilla/5.0 (Windows NT 10.0; Win64; x64) AppleWebKit/537.36 (KHTML, like Gecko) Chrome/54.0.2840.71 Safari/537.36"
::1 - - [15/Nov/2016:03:31:46 +0000] "POST /blog HTTP/1.1" 500 1598 "http://localhost:4000/blog-create" "Mozilla/5.0 (Windows NT 10.0; Win64; x64) AppleWebKit/537.36 (KHTML, like Gecko) Chrome/54.0.2840.71 Safari/537.36"
::1 - - [15/Nov/2016:03:34:11 +0000] "GET /blog HTTP/1.1" 200 175 "-" "Mozilla/5.0 (Windows NT 10.0; Win64; x64) AppleWebKit/537.36 (KHTML, like Gecko) Chrome/54.0.2840.71 Safari/537.36"
::1 - - [15/Nov/2016:03:34:11 +0000] "GET /bower_components/bootstrap/dist/css/bootstrap.css HTTP/1.1" 200 146010 "http://localhost:4000/blog" "Mozilla/5.0 (Windows NT 10.0; Win64; x64) AppleWebKit/537.36 (KHTML, like Gecko) Chrome/54.0.2840.71 Safari/537.36"
::1 - - [15/Nov/2016:03:34:18 +0000] "GET /bower_components/bootstrap/dist/css/bootstrap.css HTTP/1.1" 304 - "http://localhost:4000/blog" "Mozilla/5.0 (Windows NT 10.0; Win64; x64) AppleWebKit/537.36 (KHTML, like Gecko) Chrome/54.0.2840.71 Safari/537.36"
::1 - - [15/Nov/2016:03:34:18 +0000] "GET /bower_components/bootstrap/dist/css/bootstrap.css.map HTTP/1.1" 200 389287 "-" "Mozilla/5.0 (Windows NT 10.0; Win64; x64) AppleWebKit/537.36 (KHTML, like Gecko) Chrome/54.0.2840.71 Safari/537.36"
::1 - - [15/Nov/2016:03:34:53 +0000] "GET /blog HTTP/1.1" 304 - "-" "Mozilla/5.0 (Windows NT 10.0; Win64; x64) AppleWebKit/537.36 (KHTML, like Gecko) Chrome/54.0.2840.71 Safari/537.36"
::1 - - [15/Nov/2016:03:34:53 +0000] "GET /bower_components/bootstrap/dist/css/bootstrap.css HTTP/1.1" 304 - "http://localhost:4000/blog" "Mozilla/5.0 (Windows NT 10.0; Win64; x64) AppleWebKit/537.36 (KHTML, like Gecko) Chrome/54.0.2840.71 Safari/537.36"
::1 - - [15/Nov/2016:03:34:53 +0000] "GET /bower_components/bootstrap/dist/css/bootstrap.css.map HTTP/1.1" 304 - "-" "Mozilla/5.0 (Windows NT 10.0; Win64; x64) AppleWebKit/537.36 (KHTML, like Gecko) Chrome/54.0.2840.71 Safari/537.36"
::1 - - [15/Nov/2016:03:35:08 +0000] "GET /blog HTTP/1.1" 200 180 "-" "Mozilla/5.0 (Windows NT 10.0; Win64; x64) AppleWebKit/537.36 (KHTML, like Gecko) Chrome/54.0.2840.71 Safari/537.36"
::1 - - [15/Nov/2016:03:35:08 +0000] "GET /bower_components/bootstrap/dist/css/bootstrap.css HTTP/1.1" 304 - "http://localhost:4000/blog" "Mozilla/5.0 (Windows NT 10.0; Win64; x64) AppleWebKit/537.36 (KHTML, like Gecko) Chrome/54.0.2840.71 Safari/537.36"
::1 - - [15/Nov/2016:03:35:08 +0000] "GET /bower_components/bootstrap/dist/css/bootstrap.css.map HTTP/1.1" 304 - "-" "Mozilla/5.0 (Windows NT 10.0; Win64; x64) AppleWebKit/537.36 (KHTML, like Gecko) Chrome/54.0.2840.71 Safari/537.36"
::1 - - [15/Nov/2016:03:35:39 +0000] "GET /blog HTTP/1.1" 304 - "-" "Mozilla/5.0 (Windows NT 10.0; Win64; x64) AppleWebKit/537.36 (KHTML, like Gecko) Chrome/54.0.2840.71 Safari/537.36"
::1 - - [15/Nov/2016:03:35:39 +0000] "GET /bower_components/bootstrap/dist/css/bootstrap.css HTTP/1.1" 304 - "http://localhost:4000/blog" "Mozilla/5.0 (Windows NT 10.0; Win64; x64) AppleWebKit/537.36 (KHTML, like Gecko) Chrome/54.0.2840.71 Safari/537.36"
::1 - - [15/Nov/2016:03:35:39 +0000] "GET /bower_components/bootstrap/dist/css/bootstrap.css.map HTTP/1.1" 304 - "-" "Mozilla/5.0 (Windows NT 10.0; Win64; x64) AppleWebKit/537.36 (KHTML, like Gecko) Chrome/54.0.2840.71 Safari/537.36"
::1 - - [15/Nov/2016:03:36:51 +0000] "GET /blog HTTP/1.1" 200 492 "-" "Mozilla/5.0 (Windows NT 10.0; Win64; x64) AppleWebKit/537.36 (KHTML, like Gecko) Chrome/54.0.2840.71 Safari/537.36"
::1 - - [15/Nov/2016:03:36:51 +0000] "GET /bower_components/bootstrap/dist/css/bootstrap.css HTTP/1.1" 304 - "http://localhost:4000/blog" "Mozilla/5.0 (Windows NT 10.0; Win64; x64) AppleWebKit/537.36 (KHTML, like Gecko) Chrome/54.0.2840.71 Safari/537.36"
::1 - - [15/Nov/2016:03:36:52 +0000] "GET /bower_components/bootstrap/dist/css/bootstrap.css.map HTTP/1.1" 304 - "-" "Mozilla/5.0 (Windows NT 10.0; Win64; x64) AppleWebKit/537.36 (KHTML, like Gecko) Chrome/54.0.2840.71 Safari/537.36"
::1 - - [15/Nov/2016:03:37:52 +0000] "GET /blog HTTP/1.1" 200 552 "-" "Mozilla/5.0 (Windows NT 10.0; Win64; x64) AppleWebKit/537.36 (KHTML, like Gecko) Chrome/54.0.2840.71 Safari/537.36"
::1 - - [15/Nov/2016:03:37:52 +0000] "GET /bower_components/bootstrap/dist/css/bootstrap.css HTTP/1.1" 304 - "http://localhost:4000/blog" "Mozilla/5.0 (Windows NT 10.0; Win64; x64) AppleWebKit/537.36 (KHTML, like Gecko) Chrome/54.0.2840.71 Safari/537.36"
::1 - - [15/Nov/2016:03:37:52 +0000] "GET /bower_components/bootstrap/dist/css/bootstrap.css.map HTTP/1.1" 304 - "-" "Mozilla/5.0 (Windows NT 10.0; Win64; x64) AppleWebKit/537.36 (KHTML, like Gecko) Chrome/54.0.2840.71 Safari/537.36"
::1 - - [15/Nov/2016:03:37:55 +0000] "GET /blog HTTP/1.1" 304 - "-" "Mozilla/5.0 (Windows NT 10.0; Win64; x64) AppleWebKit/537.36 (KHTML, like Gecko) Chrome/54.0.2840.71 Safari/537.36"
::1 - - [15/Nov/2016:03:37:55 +0000] "GET /bower_components/bootstrap/dist/css/bootstrap.css HTTP/1.1" 304 - "http://localhost:4000/blog" "Mozilla/5.0 (Windows NT 10.0; Win64; x64) AppleWebKit/537.36 (KHTML, like Gecko) Chrome/54.0.2840.71 Safari/537.36"
::1 - - [15/Nov/2016:03:37:55 +0000] "GET /bower_components/bootstrap/dist/css/bootstrap.css.map HTTP/1.1" 304 - "-" "Mozilla/5.0 (Windows NT 10.0; Win64; x64) AppleWebKit/537.36 (KHTML, like Gecko) Chrome/54.0.2840.71 Safari/537.36"
::1 - - [15/Nov/2016:03:38:58 +0000] "GET /blog HTTP/1.1" 200 553 "-" "Mozilla/5.0 (Windows NT 10.0; Win64; x64) AppleWebKit/537.36 (KHTML, like Gecko) Chrome/54.0.2840.71 Safari/537.36"
::1 - - [15/Nov/2016:03:38:58 +0000] "GET /bower_components/bootstrap/dist/css/bootstrap.css HTTP/1.1" 304 - "http://localhost:4000/blog" "Mozilla/5.0 (Windows NT 10.0; Win64; x64) AppleWebKit/537.36 (KHTML, like Gecko) Chrome/54.0.2840.71 Safari/537.36"
::1 - - [15/Nov/2016:03:39:03 +0000] "GET /blog-create HTTP/1.1" 200 434 "http://localhost:4000/blog" "Mozilla/5.0 (Windows NT 10.0; Win64; x64) AppleWebKit/537.36 (KHTML, like Gecko) Chrome/54.0.2840.71 Safari/537.36"
::1 - - [15/Nov/2016:03:39:03 +0000] "GET /bower_components/bootstrap/dist/css/bootstrap.css HTTP/1.1" 304 - "http://localhost:4000/blog-create" "Mozilla/5.0 (Windows NT 10.0; Win64; x64) AppleWebKit/537.36 (KHTML, like Gecko) Chrome/54.0.2840.71 Safari/537.36"
::1 - - [15/Nov/2016:03:39:09 +0000] "POST /blog HTTP/1.1" 500 1669 "http://localhost:4000/blog-create" "Mozilla/5.0 (Windows NT 10.0; Win64; x64) AppleWebKit/537.36 (KHTML, like Gecko) Chrome/54.0.2840.71 Safari/537.36"
::1 - - [15/Nov/2016:03:39:32 +0000] "POST /blog HTTP/1.1" 500 1698 "http://localhost:4000/blog-create" "Mozilla/5.0 (Windows NT 10.0; Win64; x64) AppleWebKit/537.36 (KHTML, like Gecko) Chrome/54.0.2840.71 Safari/537.36"
::1 - - [15/Nov/2016:03:40:05 +0000] "GET /blog HTTP/1.1" 200 612 "-" "Mozilla/5.0 (Windows NT 10.0; Win64; x64) AppleWebKit/537.36 (KHTML, like Gecko) Chrome/54.0.2840.71 Safari/537.36"
::1 - - [15/Nov/2016:03:40:05 +0000] "GET /bower_components/bootstrap/dist/css/bootstrap.css HTTP/1.1" 304 - "http://localhost:4000/blog" "Mozilla/5.0 (Windows NT 10.0; Win64; x64) AppleWebKit/537.36 (KHTML, like Gecko) Chrome/54.0.2840.71 Safari/537.36"
::1 - - [15/Nov/2016:03:40:08 +0000] "GET /blog-create HTTP/1.1" 304 - "http://localhost:4000/blog" "Mozilla/5.0 (Windows NT 10.0; Win64; x64) AppleWebKit/537.36 (KHTML, like Gecko) Chrome/54.0.2840.71 Safari/537.36"
::1 - - [15/Nov/2016:03:40:08 +0000] "GET /bower_components/bootstrap/dist/css/bootstrap.css HTTP/1.1" 304 - "http://localhost:4000/blog-create" "Mozilla/5.0 (Windows NT 10.0; Win64; x64) AppleWebKit/537.36 (KHTML, like Gecko) Chrome/54.0.2840.71 Safari/537.36"
::1 - - [15/Nov/2016:03:40:14 +0000] "POST /blog HTTP/1.1" 500 1698 "http://localhost:4000/blog-create" "Mozilla/5.0 (Windows NT 10.0; Win64; x64) AppleWebKit/537.36 (KHTML, like Gecko) Chrome/54.0.2840.71 Safari/537.36"
::1 - - [15/Nov/2016:03:41:36 +0000] "POST /blog HTTP/1.1" 200 678 "http://localhost:4000/blog-create" "Mozilla/5.0 (Windows NT 10.0; Win64; x64) AppleWebKit/537.36 (KHTML, like Gecko) Chrome/54.0.2840.71 Safari/537.36"
::1 - - [15/Nov/2016:03:41:36 +0000] "GET /bower_components/bootstrap/dist/css/bootstrap.css HTTP/1.1" 304 - "http://localhost:4000/blog" "Mozilla/5.0 (Windows NT 10.0; Win64; x64) AppleWebKit/537.36 (KHTML, like Gecko) Chrome/54.0.2840.71 Safari/537.36"
::1 - - [15/Nov/2016:03:41:40 +0000] "GET /blog-create HTTP/1.1" 304 - "http://localhost:4000/blog" "Mozilla/5.0 (Windows NT 10.0; Win64; x64) AppleWebKit/537.36 (KHTML, like Gecko) Chrome/54.0.2840.71 Safari/537.36"
::1 - - [15/Nov/2016:03:41:40 +0000] "GET /bower_components/bootstrap/dist/css/bootstrap.css HTTP/1.1" 304 - "http://localhost:4000/blog-create" "Mozilla/5.0 (Windows NT 10.0; Win64; x64) AppleWebKit/537.36 (KHTML, like Gecko) Chrome/54.0.2840.71 Safari/537.36"
::1 - - [15/Nov/2016:03:41:44 +0000] "POST /blog HTTP/1.1" 200 719 "http://localhost:4000/blog-create" "Mozilla/5.0 (Windows NT 10.0; Win64; x64) AppleWebKit/537.36 (KHTML, like Gecko) Chrome/54.0.2840.71 Safari/537.36"
::1 - - [15/Nov/2016:03:41:44 +0000] "GET /bower_components/bootstrap/dist/css/bootstrap.css HTTP/1.1" 304 - "http://localhost:4000/blog" "Mozilla/5.0 (Windows NT 10.0; Win64; x64) AppleWebKit/537.36 (KHTML, like Gecko) Chrome/54.0.2840.71 Safari/537.36"
::1 - - [16/Nov/2016:02:52:07 +0000] "GET / HTTP/1.1" 200 99 "-" "Mozilla/5.0 (Windows NT 10.0; Win64; x64) AppleWebKit/537.36 (KHTML, like Gecko) Chrome/54.0.2840.71 Safari/537.36"
::1 - - [16/Nov/2016:02:52:07 +0000] "GET /favicon.ico HTTP/1.1" 404 24 "http://localhost:4000/" "Mozilla/5.0 (Windows NT 10.0; Win64; x64) AppleWebKit/537.36 (KHTML, like Gecko) Chrome/54.0.2840.71 Safari/537.36"
::1 - - [16/Nov/2016:02:52:13 +0000] "GET /blog HTTP/1.1" 200 1841 "-" "Mozilla/5.0 (Windows NT 10.0; Win64; x64) AppleWebKit/537.36 (KHTML, like Gecko) Chrome/54.0.2840.71 Safari/537.36"
::1 - - [16/Nov/2016:02:52:13 +0000] "GET /bower_components/bootstrap/dist/css/bootstrap.css HTTP/1.1" 200 146010 "http://localhost:4000/blog" "Mozilla/5.0 (Windows NT 10.0; Win64; x64) AppleWebKit/537.36 (KHTML, like Gecko) Chrome/54.0.2840.71 Safari/537.36"
::1 - - [16/Nov/2016:02:52:34 +0000] "GET /blog-create HTTP/1.1" 200 434 "http://localhost:4000/blog" "Mozilla/5.0 (Windows NT 10.0; Win64; x64) AppleWebKit/537.36 (KHTML, like Gecko) Chrome/54.0.2840.71 Safari/537.36"
::1 - - [16/Nov/2016:02:52:34 +0000] "GET /bower_components/bootstrap/dist/css/bootstrap.css HTTP/1.1" 304 - "http://localhost:4000/blog-create" "Mozilla/5.0 (Windows NT 10.0; Win64; x64) AppleWebKit/537.36 (KHTML, like Gecko) Chrome/54.0.2840.71 Safari/537.36"
::1 - - [16/Nov/2016:02:52:41 +0000] "POST /blog HTTP/1.1" 200 1977 "http://localhost:4000/blog-create" "Mozilla/5.0 (Windows NT 10.0; Win64; x64) AppleWebKit/537.36 (KHTML, like Gecko) Chrome/54.0.2840.71 Safari/537.36"
::1 - - [16/Nov/2016:02:52:41 +0000] "GET /bower_components/bootstrap/dist/css/bootstrap.css HTTP/1.1" 304 - "http://localhost:4000/blog" "Mozilla/5.0 (Windows NT 10.0; Win64; x64) AppleWebKit/537.36 (KHTML, like Gecko) Chrome/54.0.2840.71 Safari/537.36"
::1 - - [16/Nov/2016:02:52:49 +0000] "POST /blog HTTP/1.1" 200 2113 "http://localhost:4000/blog-create" "Mozilla/5.0 (Windows NT 10.0; Win64; x64) AppleWebKit/537.36 (KHTML, like Gecko) Chrome/54.0.2840.71 Safari/537.36"
::1 - - [16/Nov/2016:02:52:49 +0000] "GET /bower_components/bootstrap/dist/css/bootstrap.css HTTP/1.1" 304 - "http://localhost:4000/blog" "Mozilla/5.0 (Windows NT 10.0; Win64; x64) AppleWebKit/537.36 (KHTML, like Gecko) Chrome/54.0.2840.71 Safari/537.36"
::1 - - [16/Nov/2016:02:53:14 +0000] "GET /blog HTTP/1.1" 200 2113 "-" "Mozilla/5.0 (Windows NT 10.0; Win64; x64) AppleWebKit/537.36 (KHTML, like Gecko) Chrome/54.0.2840.71 Safari/537.36"
::1 - - [16/Nov/2016:02:55:17 +0000] "GET / HTTP/1.1" 304 - "-" "Mozilla/5.0 (Windows NT 10.0; Win64; x64) AppleWebKit/537.36 (KHTML, like Gecko) Chrome/54.0.2840.71 Safari/537.36"
::1 - - [16/Nov/2016:02:55:20 +0000] "GET /blog HTTP/1.1" - - "-" "Mozilla/5.0 (Windows NT 10.0; Win64; x64) AppleWebKit/537.36 (KHTML, like Gecko) Chrome/54.0.2840.71 Safari/537.36"
::1 - - [16/Nov/2016:02:55:21 +0000] "GET /blog HTTP/1.1" 200 2802 "-" "Mozilla/5.0 (Windows NT 10.0; Win64; x64) AppleWebKit/537.36 (KHTML, like Gecko) Chrome/54.0.2840.71 Safari/537.36"
::1 - - [16/Nov/2016:02:55:21 +0000] "GET /bower_components/bootstrap/dist/css/bootstrap.css HTTP/1.1" 304 - "http://localhost:4000/blog" "Mozilla/5.0 (Windows NT 10.0; Win64; x64) AppleWebKit/537.36 (KHTML, like Gecko) Chrome/54.0.2840.71 Safari/537.36"
::1 - - [16/Nov/2016:02:55:42 +0000] "GET /blog HTTP/1.1" 200 2880 "-" "Mozilla/5.0 (Windows NT 10.0; Win64; x64) AppleWebKit/537.36 (KHTML, like Gecko) Chrome/54.0.2840.71 Safari/537.36"
::1 - - [16/Nov/2016:02:55:42 +0000] "GET /bower_components/bootstrap/dist/css/bootstrap.css HTTP/1.1" 304 - "http://localhost:4000/blog" "Mozilla/5.0 (Windows NT 10.0; Win64; x64) AppleWebKit/537.36 (KHTML, like Gecko) Chrome/54.0.2840.71 Safari/537.36"
::1 - - [16/Nov/2016:02:56:01 +0000] "GET /blog HTTP/1.1" 200 2893 "-" "Mozilla/5.0 (Windows NT 10.0; Win64; x64) AppleWebKit/537.36 (KHTML, like Gecko) Chrome/54.0.2840.71 Safari/537.36"
::1 - - [16/Nov/2016:02:56:01 +0000] "GET /bower_components/bootstrap/dist/css/bootstrap.css HTTP/1.1" 304 - "http://localhost:4000/blog" "Mozilla/5.0 (Windows NT 10.0; Win64; x64) AppleWebKit/537.36 (KHTML, like Gecko) Chrome/54.0.2840.71 Safari/537.36"
::1 - - [16/Nov/2016:02:56:23 +0000] "GET /blog HTTP/1.1" 200 2906 "-" "Mozilla/5.0 (Windows NT 10.0; Win64; x64) AppleWebKit/537.36 (KHTML, like Gecko) Chrome/54.0.2840.71 Safari/537.36"
::1 - - [16/Nov/2016:02:56:23 +0000] "GET /bower_components/bootstrap/dist/css/bootstrap.css HTTP/1.1" 304 - "http://localhost:4000/blog" "Mozilla/5.0 (Windows NT 10.0; Win64; x64) AppleWebKit/537.36 (KHTML, like Gecko) Chrome/54.0.2840.71 Safari/537.36"
::1 - - [16/Nov/2016:03:02:11 +0000] "GET /blog HTTP/1.1" 200 2999 "-" "Mozilla/5.0 (Windows NT 10.0; Win64; x64) AppleWebKit/537.36 (KHTML, like Gecko) Chrome/54.0.2840.71 Safari/537.36"
::1 - - [16/Nov/2016:03:02:11 +0000] "GET /bower_components/bootstrap/dist/css/bootstrap.css HTTP/1.1" 304 - "http://localhost:4000/blog" "Mozilla/5.0 (Windows NT 10.0; Win64; x64) AppleWebKit/537.36 (KHTML, like Gecko) Chrome/54.0.2840.71 Safari/537.36"
::1 - - [16/Nov/2016:03:02:11 +0000] "GET /bower_components/jquery/dist/jquery.js HTTP/1.1" 200 277414 "http://localhost:4000/blog" "Mozilla/5.0 (Windows NT 10.0; Win64; x64) AppleWebKit/537.36 (KHTML, like Gecko) Chrome/54.0.2840.71 Safari/537.36"
::1 - - [16/Nov/2016:03:02:14 +0000] "GET / HTTP/1.1" 304 - "-" "Mozilla/5.0 (Windows NT 10.0; Win64; x64) AppleWebKit/537.36 (KHTML, like Gecko) Chrome/54.0.2840.71 Safari/537.36"
::1 - - [16/Nov/2016:03:02:16 +0000] "GET /blog HTTP/1.1" 304 - "-" "Mozilla/5.0 (Windows NT 10.0; Win64; x64) AppleWebKit/537.36 (KHTML, like Gecko) Chrome/54.0.2840.71 Safari/537.36"
::1 - - [16/Nov/2016:03:02:16 +0000] "GET /bower_components/bootstrap/dist/css/bootstrap.css HTTP/1.1" 304 - "http://localhost:4000/blog" "Mozilla/5.0 (Windows NT 10.0; Win64; x64) AppleWebKit/537.36 (KHTML, like Gecko) Chrome/54.0.2840.71 Safari/537.36"
::1 - - [16/Nov/2016:03:02:16 +0000] "GET /bower_components/jquery/dist/jquery.js HTTP/1.1" 304 - "http://localhost:4000/blog" "Mozilla/5.0 (Windows NT 10.0; Win64; x64) AppleWebKit/537.36 (KHTML, like Gecko) Chrome/54.0.2840.71 Safari/537.36"
::1 - - [16/Nov/2016:03:02:19 +0000] "GET /bower_components/bootstrap/dist/css/bootstrap.css HTTP/1.1" 304 - "http://localhost:4000/blog" "Mozilla/5.0 (Windows NT 10.0; Win64; x64) AppleWebKit/537.36 (KHTML, like Gecko) Chrome/54.0.2840.71 Safari/537.36"
::1 - - [16/Nov/2016:03:02:20 +0000] "GET /bower_components/bootstrap/dist/css/bootstrap.css.map HTTP/1.1" 200 389287 "-" "Mozilla/5.0 (Windows NT 10.0; Win64; x64) AppleWebKit/537.36 (KHTML, like Gecko) Chrome/54.0.2840.71 Safari/537.36"
::1 - - [16/Nov/2016:03:02:52 +0000] "GET /blog HTTP/1.1" 200 3000 "-" "Mozilla/5.0 (Windows NT 10.0; Win64; x64) AppleWebKit/537.36 (KHTML, like Gecko) Chrome/54.0.2840.71 Safari/537.36"
::1 - - [16/Nov/2016:03:02:52 +0000] "GET /bower_components/bootstrap/dist/css/bootstrap.css HTTP/1.1" 304 - "http://localhost:4000/blog" "Mozilla/5.0 (Windows NT 10.0; Win64; x64) AppleWebKit/537.36 (KHTML, like Gecko) Chrome/54.0.2840.71 Safari/537.36"
::1 - - [16/Nov/2016:03:02:52 +0000] "GET /bower_components/jquery/dist/jquery.js HTTP/1.1" 304 - "http://localhost:4000/blog" "Mozilla/5.0 (Windows NT 10.0; Win64; x64) AppleWebKit/537.36 (KHTML, like Gecko) Chrome/54.0.2840.71 Safari/537.36"
::1 - - [16/Nov/2016:03:02:52 +0000] "GET /bower_components/bootstrap/dist/css/bootstrap.css.map HTTP/1.1" 304 - "-" "Mozilla/5.0 (Windows NT 10.0; Win64; x64) AppleWebKit/537.36 (KHTML, like Gecko) Chrome/54.0.2840.71 Safari/537.36"
::1 - - [16/Nov/2016:03:02:54 +0000] "GET /blog HTTP/1.1" 304 - "-" "Mozilla/5.0 (Windows NT 10.0; Win64; x64) AppleWebKit/537.36 (KHTML, like Gecko) Chrome/54.0.2840.71 Safari/537.36"
::1 - - [16/Nov/2016:03:02:55 +0000] "GET /bower_components/bootstrap/dist/css/bootstrap.css HTTP/1.1" 304 - "http://localhost:4000/blog" "Mozilla/5.0 (Windows NT 10.0; Win64; x64) AppleWebKit/537.36 (KHTML, like Gecko) Chrome/54.0.2840.71 Safari/537.36"
::1 - - [16/Nov/2016:03:02:55 +0000] "GET /bower_components/jquery/dist/jquery.js HTTP/1.1" 304 - "http://localhost:4000/blog" "Mozilla/5.0 (Windows NT 10.0; Win64; x64) AppleWebKit/537.36 (KHTML, like Gecko) Chrome/54.0.2840.71 Safari/537.36"
::1 - - [16/Nov/2016:03:02:55 +0000] "GET /bower_components/bootstrap/dist/css/bootstrap.css.map HTTP/1.1" 304 - "-" "Mozilla/5.0 (Windows NT 10.0; Win64; x64) AppleWebKit/537.36 (KHTML, like Gecko) Chrome/54.0.2840.71 Safari/537.36"
::1 - - [16/Nov/2016:03:02:56 +0000] "GET /blog HTTP/1.1" 304 - "-" "Mozilla/5.0 (Windows NT 10.0; Win64; x64) AppleWebKit/537.36 (KHTML, like Gecko) Chrome/54.0.2840.71 Safari/537.36"
::1 - - [16/Nov/2016:03:02:56 +0000] "GET /bower_components/bootstrap/dist/css/bootstrap.css HTTP/1.1" 304 - "http://localhost:4000/blog" "Mozilla/5.0 (Windows NT 10.0; Win64; x64) AppleWebKit/537.36 (KHTML, like Gecko) Chrome/54.0.2840.71 Safari/537.36"
::1 - - [16/Nov/2016:03:02:56 +0000] "GET /bower_components/jquery/dist/jquery.js HTTP/1.1" 304 - "http://localhost:4000/blog" "Mozilla/5.0 (Windows NT 10.0; Win64; x64) AppleWebKit/537.36 (KHTML, like Gecko) Chrome/54.0.2840.71 Safari/537.36"
::1 - - [16/Nov/2016:03:02:56 +0000] "GET /bower_components/bootstrap/dist/css/bootstrap.css.map HTTP/1.1" 304 - "-" "Mozilla/5.0 (Windows NT 10.0; Win64; x64) AppleWebKit/537.36 (KHTML, like Gecko) Chrome/54.0.2840.71 Safari/537.36"
::1 - - [16/Nov/2016:03:03:23 +0000] "GET /blog HTTP/1.1" 200 3009 "-" "Mozilla/5.0 (Windows NT 10.0; Win64; x64) AppleWebKit/537.36 (KHTML, like Gecko) Chrome/54.0.2840.71 Safari/537.36"
::1 - - [16/Nov/2016:03:03:23 +0000] "GET /bower_components/bootstrap/dist/css/bootstrap.css HTTP/1.1" 304 - "http://localhost:4000/blog" "Mozilla/5.0 (Windows NT 10.0; Win64; x64) AppleWebKit/537.36 (KHTML, like Gecko) Chrome/54.0.2840.71 Safari/537.36"
::1 - - [16/Nov/2016:03:03:23 +0000] "GET /bower_components/jquery/dist/jquery.js HTTP/1.1" 304 - "http://localhost:4000/blog" "Mozilla/5.0 (Windows NT 10.0; Win64; x64) AppleWebKit/537.36 (KHTML, like Gecko) Chrome/54.0.2840.71 Safari/537.36"
::1 - - [16/Nov/2016:03:03:23 +0000] "GET /app/blog.js HTTP/1.1" 200 146 "http://localhost:4000/blog" "Mozilla/5.0 (Windows NT 10.0; Win64; x64) AppleWebKit/537.36 (KHTML, like Gecko) Chrome/54.0.2840.71 Safari/537.36"
::1 - - [16/Nov/2016:03:03:23 +0000] "GET /bower_components/bootstrap/dist/css/bootstrap.css.map HTTP/1.1" 304 - "-" "Mozilla/5.0 (Windows NT 10.0; Win64; x64) AppleWebKit/537.36 (KHTML, like Gecko) Chrome/54.0.2840.71 Safari/537.36"
::1 - - [16/Nov/2016:03:04:42 +0000] "GET /blog HTTP/1.1" 200 3425 "-" "Mozilla/5.0 (Windows NT 10.0; Win64; x64) AppleWebKit/537.36 (KHTML, like Gecko) Chrome/54.0.2840.71 Safari/537.36"
::1 - - [16/Nov/2016:03:04:42 +0000] "GET /bower_components/bootstrap/dist/css/bootstrap.css HTTP/1.1" 304 - "http://localhost:4000/blog" "Mozilla/5.0 (Windows NT 10.0; Win64; x64) AppleWebKit/537.36 (KHTML, like Gecko) Chrome/54.0.2840.71 Safari/537.36"
::1 - - [16/Nov/2016:03:04:42 +0000] "GET /bower_components/jquery/dist/jquery.js HTTP/1.1" 304 - "http://localhost:4000/blog" "Mozilla/5.0 (Windows NT 10.0; Win64; x64) AppleWebKit/537.36 (KHTML, like Gecko) Chrome/54.0.2840.71 Safari/537.36"
::1 - - [16/Nov/2016:03:04:42 +0000] "GET /app/blog.js HTTP/1.1" 304 - "http://localhost:4000/blog" "Mozilla/5.0 (Windows NT 10.0; Win64; x64) AppleWebKit/537.36 (KHTML, like Gecko) Chrome/54.0.2840.71 Safari/537.36"
::1 - - [16/Nov/2016:03:04:42 +0000] "GET /bower_components/bootstrap/dist/css/bootstrap.css.map HTTP/1.1" 304 - "-" "Mozilla/5.0 (Windows NT 10.0; Win64; x64) AppleWebKit/537.36 (KHTML, like Gecko) Chrome/54.0.2840.71 Safari/537.36"
::1 - - [16/Nov/2016:03:08:54 +0000] "GET /blog HTTP/1.1" 200 3971 "-" "Mozilla/5.0 (Windows NT 10.0; Win64; x64) AppleWebKit/537.36 (KHTML, like Gecko) Chrome/54.0.2840.71 Safari/537.36"
::1 - - [16/Nov/2016:03:08:54 +0000] "GET /bower_components/bootstrap/dist/css/bootstrap.css HTTP/1.1" 304 - "http://localhost:4000/blog" "Mozilla/5.0 (Windows NT 10.0; Win64; x64) AppleWebKit/537.36 (KHTML, like Gecko) Chrome/54.0.2840.71 Safari/537.36"
::1 - - [16/Nov/2016:03:08:54 +0000] "GET /bower_components/jquery/dist/jquery.js HTTP/1.1" 304 - "http://localhost:4000/blog" "Mozilla/5.0 (Windows NT 10.0; Win64; x64) AppleWebKit/537.36 (KHTML, like Gecko) Chrome/54.0.2840.71 Safari/537.36"
::1 - - [16/Nov/2016:03:08:54 +0000] "GET /app/blog.js HTTP/1.1" 200 511 "http://localhost:4000/blog" "Mozilla/5.0 (Windows NT 10.0; Win64; x64) AppleWebKit/537.36 (KHTML, like Gecko) Chrome/54.0.2840.71 Safari/537.36"
::1 - - [16/Nov/2016:03:08:54 +0000] "GET /bower_components/bootstrap/dist/css/bootstrap.css.map HTTP/1.1" 304 - "-" "Mozilla/5.0 (Windows NT 10.0; Win64; x64) AppleWebKit/537.36 (KHTML, like Gecko) Chrome/54.0.2840.71 Safari/537.36"
::1 - - [16/Nov/2016:03:11:16 +0000] "GET /blog HTTP/1.1" 304 - "-" "Mozilla/5.0 (Windows NT 10.0; Win64; x64) AppleWebKit/537.36 (KHTML, like Gecko) Chrome/54.0.2840.71 Safari/537.36"
::1 - - [16/Nov/2016:03:11:16 +0000] "GET /bower_components/bootstrap/dist/css/bootstrap.css HTTP/1.1" 304 - "http://localhost:4000/blog" "Mozilla/5.0 (Windows NT 10.0; Win64; x64) AppleWebKit/537.36 (KHTML, like Gecko) Chrome/54.0.2840.71 Safari/537.36"
::1 - - [16/Nov/2016:03:11:16 +0000] "GET /bower_components/jquery/dist/jquery.js HTTP/1.1" 304 - "http://localhost:4000/blog" "Mozilla/5.0 (Windows NT 10.0; Win64; x64) AppleWebKit/537.36 (KHTML, like Gecko) Chrome/54.0.2840.71 Safari/537.36"
::1 - - [16/Nov/2016:03:11:16 +0000] "GET /app/blog.js HTTP/1.1" 200 613 "http://localhost:4000/blog" "Mozilla/5.0 (Windows NT 10.0; Win64; x64) AppleWebKit/537.36 (KHTML, like Gecko) Chrome/54.0.2840.71 Safari/537.36"
::1 - - [16/Nov/2016:03:11:16 +0000] "GET /bower_components/bootstrap/dist/css/bootstrap.css.map HTTP/1.1" 304 - "-" "Mozilla/5.0 (Windows NT 10.0; Win64; x64) AppleWebKit/537.36 (KHTML, like Gecko) Chrome/54.0.2840.71 Safari/537.36"
::1 - - [16/Nov/2016:03:12:21 +0000] "GET /blog HTTP/1.1" 304 - "-" "Mozilla/5.0 (Windows NT 10.0; Win64; x64) AppleWebKit/537.36 (KHTML, like Gecko) Chrome/54.0.2840.71 Safari/537.36"
::1 - - [16/Nov/2016:03:12:21 +0000] "GET /bower_components/bootstrap/dist/css/bootstrap.css HTTP/1.1" 304 - "http://localhost:4000/blog" "Mozilla/5.0 (Windows NT 10.0; Win64; x64) AppleWebKit/537.36 (KHTML, like Gecko) Chrome/54.0.2840.71 Safari/537.36"
::1 - - [16/Nov/2016:03:12:21 +0000] "GET /bower_components/jquery/dist/jquery.js HTTP/1.1" 304 - "http://localhost:4000/blog" "Mozilla/5.0 (Windows NT 10.0; Win64; x64) AppleWebKit/537.36 (KHTML, like Gecko) Chrome/54.0.2840.71 Safari/537.36"
::1 - - [16/Nov/2016:03:12:21 +0000] "GET /app/blog.js HTTP/1.1" 200 607 "http://localhost:4000/blog" "Mozilla/5.0 (Windows NT 10.0; Win64; x64) AppleWebKit/537.36 (KHTML, like Gecko) Chrome/54.0.2840.71 Safari/537.36"
::1 - - [16/Nov/2016:03:12:21 +0000] "GET /bower_components/bootstrap/dist/css/bootstrap.css.map HTTP/1.1" 304 - "-" "Mozilla/5.0 (Windows NT 10.0; Win64; x64) AppleWebKit/537.36 (KHTML, like Gecko) Chrome/54.0.2840.71 Safari/537.36"
::1 - - [16/Nov/2016:03:15:51 +0000] "GET /blog HTTP/1.1" 304 - "-" "Mozilla/5.0 (Windows NT 10.0; Win64; x64) AppleWebKit/537.36 (KHTML, like Gecko) Chrome/54.0.2840.71 Safari/537.36"
::1 - - [16/Nov/2016:03:15:51 +0000] "GET /bower_components/bootstrap/dist/css/bootstrap.css HTTP/1.1" 304 - "http://localhost:4000/blog" "Mozilla/5.0 (Windows NT 10.0; Win64; x64) AppleWebKit/537.36 (KHTML, like Gecko) Chrome/54.0.2840.71 Safari/537.36"
::1 - - [16/Nov/2016:03:15:51 +0000] "GET /bower_components/jquery/dist/jquery.js HTTP/1.1" 304 - "http://localhost:4000/blog" "Mozilla/5.0 (Windows NT 10.0; Win64; x64) AppleWebKit/537.36 (KHTML, like Gecko) Chrome/54.0.2840.71 Safari/537.36"
::1 - - [16/Nov/2016:03:15:51 +0000] "GET /app/blog.js HTTP/1.1" 200 707 "http://localhost:4000/blog" "Mozilla/5.0 (Windows NT 10.0; Win64; x64) AppleWebKit/537.36 (KHTML, like Gecko) Chrome/54.0.2840.71 Safari/537.36"
::1 - - [16/Nov/2016:03:15:51 +0000] "GET /bower_components/bootstrap/dist/css/bootstrap.css.map HTTP/1.1" 304 - "-" "Mozilla/5.0 (Windows NT 10.0; Win64; x64) AppleWebKit/537.36 (KHTML, like Gecko) Chrome/54.0.2840.71 Safari/537.36"
::1 - - [16/Nov/2016:03:16:59 +0000] "POST /updateBlog HTTP/1.1" 200 6 "http://localhost:4000/blog" "Mozilla/5.0 (Windows NT 10.0; Win64; x64) AppleWebKit/537.36 (KHTML, like Gecko) Chrome/54.0.2840.71 Safari/537.36"
::1 - - [16/Nov/2016:03:20:38 +0000] "GET /blog HTTP/1.1" 304 - "-" "Mozilla/5.0 (Windows NT 10.0; Win64; x64) AppleWebKit/537.36 (KHTML, like Gecko) Chrome/54.0.2840.71 Safari/537.36"
::1 - - [16/Nov/2016:03:20:38 +0000] "GET /bower_components/bootstrap/dist/css/bootstrap.css HTTP/1.1" 304 - "http://localhost:4000/blog" "Mozilla/5.0 (Windows NT 10.0; Win64; x64) AppleWebKit/537.36 (KHTML, like Gecko) Chrome/54.0.2840.71 Safari/537.36"
::1 - - [16/Nov/2016:03:20:38 +0000] "GET /bower_components/jquery/dist/jquery.js HTTP/1.1" 304 - "http://localhost:4000/blog" "Mozilla/5.0 (Windows NT 10.0; Win64; x64) AppleWebKit/537.36 (KHTML, like Gecko) Chrome/54.0.2840.71 Safari/537.36"
::1 - - [16/Nov/2016:03:20:38 +0000] "GET /app/blog.js HTTP/1.1" 200 707 "http://localhost:4000/blog" "Mozilla/5.0 (Windows NT 10.0; Win64; x64) AppleWebKit/537.36 (KHTML, like Gecko) Chrome/54.0.2840.71 Safari/537.36"
::1 - - [16/Nov/2016:03:20:39 +0000] "GET /bower_components/bootstrap/dist/css/bootstrap.css.map HTTP/1.1" 304 - "-" "Mozilla/5.0 (Windows NT 10.0; Win64; x64) AppleWebKit/537.36 (KHTML, like Gecko) Chrome/54.0.2840.71 Safari/537.36"
::1 - - [16/Nov/2016:03:20:57 +0000] "POST /updateBlog HTTP/1.1" 200 4 "http://localhost:4000/blog" "Mozilla/5.0 (Windows NT 10.0; Win64; x64) AppleWebKit/537.36 (KHTML, like Gecko) Chrome/54.0.2840.71 Safari/537.36"
::1 - - [16/Nov/2016:03:21:10 +0000] "GET /blog HTTP/1.1" 304 - "-" "Mozilla/5.0 (Windows NT 10.0; Win64; x64) AppleWebKit/537.36 (KHTML, like Gecko) Chrome/54.0.2840.71 Safari/537.36"
::1 - - [16/Nov/2016:03:21:10 +0000] "GET /bower_components/bootstrap/dist/css/bootstrap.css HTTP/1.1" 304 - "http://localhost:4000/blog" "Mozilla/5.0 (Windows NT 10.0; Win64; x64) AppleWebKit/537.36 (KHTML, like Gecko) Chrome/54.0.2840.71 Safari/537.36"
::1 - - [16/Nov/2016:03:21:10 +0000] "GET /bower_components/jquery/dist/jquery.js HTTP/1.1" 304 - "http://localhost:4000/blog" "Mozilla/5.0 (Windows NT 10.0; Win64; x64) AppleWebKit/537.36 (KHTML, like Gecko) Chrome/54.0.2840.71 Safari/537.36"
::1 - - [16/Nov/2016:03:21:10 +0000] "GET /app/blog.js HTTP/1.1" 304 - "http://localhost:4000/blog" "Mozilla/5.0 (Windows NT 10.0; Win64; x64) AppleWebKit/537.36 (KHTML, like Gecko) Chrome/54.0.2840.71 Safari/537.36"
::1 - - [16/Nov/2016:03:21:10 +0000] "GET /bower_components/bootstrap/dist/css/bootstrap.css.map HTTP/1.1" 304 - "-" "Mozilla/5.0 (Windows NT 10.0; Win64; x64) AppleWebKit/537.36 (KHTML, like Gecko) Chrome/54.0.2840.71 Safari/537.36"
::1 - - [16/Nov/2016:03:21:57 +0000] "POST /updateBlog HTTP/1.1" 200 4 "http://localhost:4000/blog" "Mozilla/5.0 (Windows NT 10.0; Win64; x64) AppleWebKit/537.36 (KHTML, like Gecko) Chrome/54.0.2840.71 Safari/537.36"
::1 - - [16/Nov/2016:03:22:53 +0000] "POST /updateBlog HTTP/1.1" 200 4 "http://localhost:4000/blog" "Mozilla/5.0 (Windows NT 10.0; Win64; x64) AppleWebKit/537.36 (KHTML, like Gecko) Chrome/54.0.2840.71 Safari/537.36"
::1 - - [16/Nov/2016:03:24:04 +0000] "POST /updateBlog HTTP/1.1" 200 112 "http://localhost:4000/blog" "Mozilla/5.0 (Windows NT 10.0; Win64; x64) AppleWebKit/537.36 (KHTML, like Gecko) Chrome/54.0.2840.71 Safari/537.36"
::1 - - [16/Nov/2016:03:24:33 +0000] "GET /blog HTTP/1.1" 304 - "-" "Mozilla/5.0 (Windows NT 10.0; Win64; x64) AppleWebKit/537.36 (KHTML, like Gecko) Chrome/54.0.2840.71 Safari/537.36"
::1 - - [16/Nov/2016:03:24:33 +0000] "GET /bower_components/bootstrap/dist/css/bootstrap.css HTTP/1.1" 304 - "http://localhost:4000/blog" "Mozilla/5.0 (Windows NT 10.0; Win64; x64) AppleWebKit/537.36 (KHTML, like Gecko) Chrome/54.0.2840.71 Safari/537.36"
::1 - - [16/Nov/2016:03:24:33 +0000] "GET /bower_components/jquery/dist/jquery.js HTTP/1.1" 304 - "http://localhost:4000/blog" "Mozilla/5.0 (Windows NT 10.0; Win64; x64) AppleWebKit/537.36 (KHTML, like Gecko) Chrome/54.0.2840.71 Safari/537.36"
::1 - - [16/Nov/2016:03:24:33 +0000] "GET /app/blog.js HTTP/1.1" 304 - "http://localhost:4000/blog" "Mozilla/5.0 (Windows NT 10.0; Win64; x64) AppleWebKit/537.36 (KHTML, like Gecko) Chrome/54.0.2840.71 Safari/537.36"
::1 - - [16/Nov/2016:03:24:33 +0000] "GET /bower_components/bootstrap/dist/css/bootstrap.css.map HTTP/1.1" 304 - "-" "Mozilla/5.0 (Windows NT 10.0; Win64; x64) AppleWebKit/537.36 (KHTML, like Gecko) Chrome/54.0.2840.71 Safari/537.36"
::1 - - [16/Nov/2016:03:25:46 +0000] "POST /updateBlog HTTP/1.1" 200 112 "http://localhost:4000/blog" "Mozilla/5.0 (Windows NT 10.0; Win64; x64) AppleWebKit/537.36 (KHTML, like Gecko) Chrome/54.0.2840.71 Safari/537.36"
::1 - - [16/Nov/2016:03:26:09 +0000] "GET /blog HTTP/1.1" 304 - "-" "Mozilla/5.0 (Windows NT 10.0; Win64; x64) AppleWebKit/537.36 (KHTML, like Gecko) Chrome/54.0.2840.71 Safari/537.36"
::1 - - [16/Nov/2016:03:26:09 +0000] "GET /bower_components/bootstrap/dist/css/bootstrap.css HTTP/1.1" 304 - "http://localhost:4000/blog" "Mozilla/5.0 (Windows NT 10.0; Win64; x64) AppleWebKit/537.36 (KHTML, like Gecko) Chrome/54.0.2840.71 Safari/537.36"
::1 - - [16/Nov/2016:03:26:09 +0000] "GET /bower_components/jquery/dist/jquery.js HTTP/1.1" 304 - "http://localhost:4000/blog" "Mozilla/5.0 (Windows NT 10.0; Win64; x64) AppleWebKit/537.36 (KHTML, like Gecko) Chrome/54.0.2840.71 Safari/537.36"
::1 - - [16/Nov/2016:03:26:09 +0000] "GET /app/blog.js HTTP/1.1" 304 - "http://localhost:4000/blog" "Mozilla/5.0 (Windows NT 10.0; Win64; x64) AppleWebKit/537.36 (KHTML, like Gecko) Chrome/54.0.2840.71 Safari/537.36"
::1 - - [16/Nov/2016:03:26:09 +0000] "GET /bower_components/bootstrap/dist/css/bootstrap.css.map HTTP/1.1" 304 - "-" "Mozilla/5.0 (Windows NT 10.0; Win64; x64) AppleWebKit/537.36 (KHTML, like Gecko) Chrome/54.0.2840.71 Safari/537.36"
::1 - - [16/Nov/2016:03:26:38 +0000] "GET /blog HTTP/1.1" 304 - "-" "Mozilla/5.0 (Windows NT 10.0; Win64; x64) AppleWebKit/537.36 (KHTML, like Gecko) Chrome/54.0.2840.71 Safari/537.36"
::1 - - [16/Nov/2016:03:26:38 +0000] "GET /bower_components/bootstrap/dist/css/bootstrap.css HTTP/1.1" 304 - "http://localhost:4000/blog" "Mozilla/5.0 (Windows NT 10.0; Win64; x64) AppleWebKit/537.36 (KHTML, like Gecko) Chrome/54.0.2840.71 Safari/537.36"
::1 - - [16/Nov/2016:03:26:38 +0000] "GET /bower_components/jquery/dist/jquery.js HTTP/1.1" 304 - "http://localhost:4000/blog" "Mozilla/5.0 (Windows NT 10.0; Win64; x64) AppleWebKit/537.36 (KHTML, like Gecko) Chrome/54.0.2840.71 Safari/537.36"
::1 - - [16/Nov/2016:03:26:38 +0000] "GET /app/blog.js HTTP/1.1" 304 - "http://localhost:4000/blog" "Mozilla/5.0 (Windows NT 10.0; Win64; x64) AppleWebKit/537.36 (KHTML, like Gecko) Chrome/54.0.2840.71 Safari/537.36"
::1 - - [16/Nov/2016:03:26:38 +0000] "GET /bower_components/bootstrap/dist/css/bootstrap.css.map HTTP/1.1" 304 - "-" "Mozilla/5.0 (Windows NT 10.0; Win64; x64) AppleWebKit/537.36 (KHTML, like Gecko) Chrome/54.0.2840.71 Safari/537.36"
::1 - - [16/Nov/2016:03:26:45 +0000] "POST /updateBlog HTTP/1.1" 200 112 "http://localhost:4000/blog" "Mozilla/5.0 (Windows NT 10.0; Win64; x64) AppleWebKit/537.36 (KHTML, like Gecko) Chrome/54.0.2840.71 Safari/537.36"
::1 - - [16/Nov/2016:03:29:35 +0000] "GET /blog HTTP/1.1" 304 - "-" "Mozilla/5.0 (Windows NT 10.0; Win64; x64) AppleWebKit/537.36 (KHTML, like Gecko) Chrome/54.0.2840.71 Safari/537.36"
::1 - - [16/Nov/2016:03:29:35 +0000] "GET /bower_components/bootstrap/dist/css/bootstrap.css HTTP/1.1" 304 - "http://localhost:4000/blog" "Mozilla/5.0 (Windows NT 10.0; Win64; x64) AppleWebKit/537.36 (KHTML, like Gecko) Chrome/54.0.2840.71 Safari/537.36"
::1 - - [16/Nov/2016:03:29:35 +0000] "GET /bower_components/jquery/dist/jquery.js HTTP/1.1" 304 - "http://localhost:4000/blog" "Mozilla/5.0 (Windows NT 10.0; Win64; x64) AppleWebKit/537.36 (KHTML, like Gecko) Chrome/54.0.2840.71 Safari/537.36"
::1 - - [16/Nov/2016:03:29:35 +0000] "GET /app/blog.js HTTP/1.1" 304 - "http://localhost:4000/blog" "Mozilla/5.0 (Windows NT 10.0; Win64; x64) AppleWebKit/537.36 (KHTML, like Gecko) Chrome/54.0.2840.71 Safari/537.36"
::1 - - [16/Nov/2016:03:29:35 +0000] "GET /bower_components/bootstrap/dist/css/bootstrap.css.map HTTP/1.1" 304 - "-" "Mozilla/5.0 (Windows NT 10.0; Win64; x64) AppleWebKit/537.36 (KHTML, like Gecko) Chrome/54.0.2840.71 Safari/537.36"
::1 - - [16/Nov/2016:03:29:46 +0000] "POST /updateBlog HTTP/1.1" 200 112 "http://localhost:4000/blog" "Mozilla/5.0 (Windows NT 10.0; Win64; x64) AppleWebKit/537.36 (KHTML, like Gecko) Chrome/54.0.2840.71 Safari/537.36"
::1 - - [16/Nov/2016:03:30:00 +0000] "POST /updateBlog HTTP/1.1" 200 112 "http://localhost:4000/blog" "Mozilla/5.0 (Windows NT 10.0; Win64; x64) AppleWebKit/537.36 (KHTML, like Gecko) Chrome/54.0.2840.71 Safari/537.36"
::1 - - [16/Nov/2016:03:34:00 +0000] "GET /blog HTTP/1.1" 304 - "-" "Mozilla/5.0 (Windows NT 10.0; Win64; x64) AppleWebKit/537.36 (KHTML, like Gecko) Chrome/54.0.2840.71 Safari/537.36"
::1 - - [16/Nov/2016:03:34:00 +0000] "GET /bower_components/bootstrap/dist/css/bootstrap.css HTTP/1.1" 304 - "http://localhost:4000/blog" "Mozilla/5.0 (Windows NT 10.0; Win64; x64) AppleWebKit/537.36 (KHTML, like Gecko) Chrome/54.0.2840.71 Safari/537.36"
::1 - - [16/Nov/2016:03:34:00 +0000] "GET /bower_components/jquery/dist/jquery.js HTTP/1.1" 304 - "http://localhost:4000/blog" "Mozilla/5.0 (Windows NT 10.0; Win64; x64) AppleWebKit/537.36 (KHTML, like Gecko) Chrome/54.0.2840.71 Safari/537.36"
::1 - - [16/Nov/2016:03:34:00 +0000] "GET /app/blog.js HTTP/1.1" 304 - "http://localhost:4000/blog" "Mozilla/5.0 (Windows NT 10.0; Win64; x64) AppleWebKit/537.36 (KHTML, like Gecko) Chrome/54.0.2840.71 Safari/537.36"
::1 - - [17/Nov/2016:02:48:29 +0000] "GET /blog HTTP/1.1" 304 - "-" "Mozilla/5.0 (Windows NT 10.0; Win64; x64) AppleWebKit/537.36 (KHTML, like Gecko) Chrome/54.0.2840.99 Safari/537.36"
::1 - - [17/Nov/2016:02:48:29 +0000] "GET /bower_components/bootstrap/dist/css/bootstrap.css HTTP/1.1" 304 - "http://localhost:4000/blog" "Mozilla/5.0 (Windows NT 10.0; Win64; x64) AppleWebKit/537.36 (KHTML, like Gecko) Chrome/54.0.2840.99 Safari/537.36"
::1 - - [17/Nov/2016:02:48:29 +0000] "GET /bower_components/jquery/dist/jquery.js HTTP/1.1" 304 - "http://localhost:4000/blog" "Mozilla/5.0 (Windows NT 10.0; Win64; x64) AppleWebKit/537.36 (KHTML, like Gecko) Chrome/54.0.2840.99 Safari/537.36"
::1 - - [17/Nov/2016:02:48:30 +0000] "GET /app/blog.js HTTP/1.1" 304 - "http://localhost:4000/blog" "Mozilla/5.0 (Windows NT 10.0; Win64; x64) AppleWebKit/537.36 (KHTML, like Gecko) Chrome/54.0.2840.99 Safari/537.36"
::1 - - [17/Nov/2016:02:48:30 +0000] "GET /favicon.ico HTTP/1.1" 404 24 "http://localhost:4000/blog" "Mozilla/5.0 (Windows NT 10.0; Win64; x64) AppleWebKit/537.36 (KHTML, like Gecko) Chrome/54.0.2840.99 Safari/537.36"
::1 - - [17/Nov/2016:02:48:35 +0000] "POST /updateBlog HTTP/1.1" 200 4 "http://localhost:4000/blog" "Mozilla/5.0 (Windows NT 10.0; Win64; x64) AppleWebKit/537.36 (KHTML, like Gecko) Chrome/54.0.2840.99 Safari/537.36"
::1 - - [17/Nov/2016:02:48:47 +0000] "GET /blog HTTP/1.1" 200 4181 "-" "Mozilla/5.0 (Windows NT 10.0; Win64; x64) AppleWebKit/537.36 (KHTML, like Gecko) Chrome/54.0.2840.99 Safari/537.36"
::1 - - [17/Nov/2016:02:48:47 +0000] "GET /bower_components/bootstrap/dist/css/bootstrap.css HTTP/1.1" 304 - "http://localhost:4000/blog" "Mozilla/5.0 (Windows NT 10.0; Win64; x64) AppleWebKit/537.36 (KHTML, like Gecko) Chrome/54.0.2840.99 Safari/537.36"
::1 - - [17/Nov/2016:02:48:47 +0000] "GET /bower_components/jquery/dist/jquery.js HTTP/1.1" 304 - "http://localhost:4000/blog" "Mozilla/5.0 (Windows NT 10.0; Win64; x64) AppleWebKit/537.36 (KHTML, like Gecko) Chrome/54.0.2840.99 Safari/537.36"
::1 - - [17/Nov/2016:02:48:47 +0000] "GET /app/blog.js HTTP/1.1" 304 - "http://localhost:4000/blog" "Mozilla/5.0 (Windows NT 10.0; Win64; x64) AppleWebKit/537.36 (KHTML, like Gecko) Chrome/54.0.2840.99 Safari/537.36"
::1 - - [17/Nov/2016:02:49:35 +0000] "POST /updateBlog HTTP/1.1" 200 135 "http://localhost:4000/blog" "Mozilla/5.0 (Windows NT 10.0; Win64; x64) AppleWebKit/537.36 (KHTML, like Gecko) Chrome/54.0.2840.99 Safari/537.36"
::1 - - [17/Nov/2016:02:50:09 +0000] "POST /updateBlog HTTP/1.1" 200 4 "http://localhost:4000/blog" "Mozilla/5.0 (Windows NT 10.0; Win64; x64) AppleWebKit/537.36 (KHTML, like Gecko) Chrome/54.0.2840.99 Safari/537.36"
::1 - - [17/Nov/2016:02:51:07 +0000] "GET /blog HTTP/1.1" 304 - "-" "Mozilla/5.0 (Windows NT 10.0; Win64; x64) AppleWebKit/537.36 (KHTML, like Gecko) Chrome/54.0.2840.99 Safari/537.36"
::1 - - [17/Nov/2016:02:51:07 +0000] "POST /updateBlog HTTP/1.1" - - "http://localhost:4000/blog" "Mozilla/5.0 (Windows NT 10.0; Win64; x64) AppleWebKit/537.36 (KHTML, like Gecko) Chrome/54.0.2840.99 Safari/537.36"
::1 - - [17/Nov/2016:02:51:07 +0000] "POST /updateBlog HTTP/1.1" - - "http://localhost:4000/blog" "Mozilla/5.0 (Windows NT 10.0; Win64; x64) AppleWebKit/537.36 (KHTML, like Gecko) Chrome/54.0.2840.99 Safari/537.36"
::1 - - [17/Nov/2016:02:51:07 +0000] "GET /bower_components/bootstrap/dist/css/bootstrap.css HTTP/1.1" 304 - "http://localhost:4000/blog" "Mozilla/5.0 (Windows NT 10.0; Win64; x64) AppleWebKit/537.36 (KHTML, like Gecko) Chrome/54.0.2840.99 Safari/537.36"
::1 - - [17/Nov/2016:02:51:07 +0000] "GET /bower_components/jquery/dist/jquery.js HTTP/1.1" 304 - "http://localhost:4000/blog" "Mozilla/5.0 (Windows NT 10.0; Win64; x64) AppleWebKit/537.36 (KHTML, like Gecko) Chrome/54.0.2840.99 Safari/537.36"
::1 - - [17/Nov/2016:02:51:07 +0000] "GET /app/blog.js HTTP/1.1" 304 - "http://localhost:4000/blog" "Mozilla/5.0 (Windows NT 10.0; Win64; x64) AppleWebKit/537.36 (KHTML, like Gecko) Chrome/54.0.2840.99 Safari/537.36"
::1 - - [17/Nov/2016:02:51:17 +0000] "GET /blog HTTP/1.1" 304 - "-" "Mozilla/5.0 (Windows NT 10.0; Win64; x64) AppleWebKit/537.36 (KHTML, like Gecko) Chrome/54.0.2840.99 Safari/537.36"
::1 - - [17/Nov/2016:02:51:17 +0000] "GET /bower_components/bootstrap/dist/css/bootstrap.css HTTP/1.1" 304 - "http://localhost:4000/blog" "Mozilla/5.0 (Windows NT 10.0; Win64; x64) AppleWebKit/537.36 (KHTML, like Gecko) Chrome/54.0.2840.99 Safari/537.36"
::1 - - [17/Nov/2016:02:51:17 +0000] "GET /bower_components/jquery/dist/jquery.js HTTP/1.1" 304 - "http://localhost:4000/blog" "Mozilla/5.0 (Windows NT 10.0; Win64; x64) AppleWebKit/537.36 (KHTML, like Gecko) Chrome/54.0.2840.99 Safari/537.36"
::1 - - [17/Nov/2016:02:51:17 +0000] "GET /app/blog.js HTTP/1.1" 304 - "http://localhost:4000/blog" "Mozilla/5.0 (Windows NT 10.0; Win64; x64) AppleWebKit/537.36 (KHTML, like Gecko) Chrome/54.0.2840.99 Safari/537.36"
::1 - - [17/Nov/2016:02:51:21 +0000] "POST /updateBlog HTTP/1.1" 200 135 "http://localhost:4000/blog" "Mozilla/5.0 (Windows NT 10.0; Win64; x64) AppleWebKit/537.36 (KHTML, like Gecko) Chrome/54.0.2840.99 Safari/537.36"
::1 - - [17/Nov/2016:02:51:36 +0000] "GET /blog HTTP/1.1" 200 4156 "-" "Mozilla/5.0 (Windows NT 10.0; Win64; x64) AppleWebKit/537.36 (KHTML, like Gecko) Chrome/54.0.2840.99 Safari/537.36"
::1 - - [17/Nov/2016:02:51:36 +0000] "GET /bower_components/bootstrap/dist/css/bootstrap.css HTTP/1.1" 304 - "http://localhost:4000/blog" "Mozilla/5.0 (Windows NT 10.0; Win64; x64) AppleWebKit/537.36 (KHTML, like Gecko) Chrome/54.0.2840.99 Safari/537.36"
::1 - - [17/Nov/2016:02:51:36 +0000] "GET /bower_components/jquery/dist/jquery.js HTTP/1.1" 304 - "http://localhost:4000/blog" "Mozilla/5.0 (Windows NT 10.0; Win64; x64) AppleWebKit/537.36 (KHTML, like Gecko) Chrome/54.0.2840.99 Safari/537.36"
::1 - - [17/Nov/2016:02:51:36 +0000] "GET /app/blog.js HTTP/1.1" 304 - "http://localhost:4000/blog" "Mozilla/5.0 (Windows NT 10.0; Win64; x64) AppleWebKit/537.36 (KHTML, like Gecko) Chrome/54.0.2840.99 Safari/537.36"
::1 - - [17/Nov/2016:02:52:26 +0000] "POST /updateBlog HTTP/1.1" 200 135 "http://localhost:4000/blog" "Mozilla/5.0 (Windows NT 10.0; Win64; x64) AppleWebKit/537.36 (KHTML, like Gecko) Chrome/54.0.2840.99 Safari/537.36"
::1 - - [17/Nov/2016:02:52:39 +0000] "GET /blog HTTP/1.1" 200 4129 "-" "Mozilla/5.0 (Windows NT 10.0; Win64; x64) AppleWebKit/537.36 (KHTML, like Gecko) Chrome/54.0.2840.99 Safari/537.36"
::1 - - [17/Nov/2016:02:52:39 +0000] "GET /bower_components/bootstrap/dist/css/bootstrap.css HTTP/1.1" 304 - "http://localhost:4000/blog" "Mozilla/5.0 (Windows NT 10.0; Win64; x64) AppleWebKit/537.36 (KHTML, like Gecko) Chrome/54.0.2840.99 Safari/537.36"
::1 - - [17/Nov/2016:02:52:39 +0000] "GET /bower_components/jquery/dist/jquery.js HTTP/1.1" 304 - "http://localhost:4000/blog" "Mozilla/5.0 (Windows NT 10.0; Win64; x64) AppleWebKit/537.36 (KHTML, like Gecko) Chrome/54.0.2840.99 Safari/537.36"
::1 - - [17/Nov/2016:02:52:39 +0000] "GET /app/blog.js HTTP/1.1" 304 - "http://localhost:4000/blog" "Mozilla/5.0 (Windows NT 10.0; Win64; x64) AppleWebKit/537.36 (KHTML, like Gecko) Chrome/54.0.2840.99 Safari/537.36"
::1 - - [17/Nov/2016:03:00:19 +0000] "GET /blog HTTP/1.1" 200 7185 "-" "Mozilla/5.0 (Windows NT 10.0; Win64; x64) AppleWebKit/537.36 (KHTML, like Gecko) Chrome/54.0.2840.99 Safari/537.36"
::1 - - [17/Nov/2016:03:00:19 +0000] "GET /bower_components/bootstrap/dist/css/bootstrap.css HTTP/1.1" 304 - "http://localhost:4000/blog" "Mozilla/5.0 (Windows NT 10.0; Win64; x64) AppleWebKit/537.36 (KHTML, like Gecko) Chrome/54.0.2840.99 Safari/537.36"
::1 - - [17/Nov/2016:03:00:19 +0000] "GET /bower_components/jquery/dist/jquery.js HTTP/1.1" 304 - "http://localhost:4000/blog" "Mozilla/5.0 (Windows NT 10.0; Win64; x64) AppleWebKit/537.36 (KHTML, like Gecko) Chrome/54.0.2840.99 Safari/537.36"
::1 - - [17/Nov/2016:03:00:20 +0000] "GET /app/blog.js HTTP/1.1" 200 799 "http://localhost:4000/blog" "Mozilla/5.0 (Windows NT 10.0; Win64; x64) AppleWebKit/537.36 (KHTML, like Gecko) Chrome/54.0.2840.99 Safari/537.36"
::1 - - [17/Nov/2016:03:00:25 +0000] "POST /updateBlog HTTP/1.1" 200 124 "http://localhost:4000/blog" "Mozilla/5.0 (Windows NT 10.0; Win64; x64) AppleWebKit/537.36 (KHTML, like Gecko) Chrome/54.0.2840.99 Safari/537.36"
::1 - - [17/Nov/2016:03:00:27 +0000] "GET /bower_components/bootstrap/dist/css/bootstrap.css HTTP/1.1" 304 - "http://localhost:4000/blog" "Mozilla/5.0 (Windows NT 10.0; Win64; x64) AppleWebKit/537.36 (KHTML, like Gecko) Chrome/54.0.2840.99 Safari/537.36"
::1 - - [17/Nov/2016:03:00:27 +0000] "GET /bower_components/bootstrap/dist/css/bootstrap.css.map HTTP/1.1" 304 - "-" "Mozilla/5.0 (Windows NT 10.0; Win64; x64) AppleWebKit/537.36 (KHTML, like Gecko) Chrome/54.0.2840.99 Safari/537.36"
::1 - - [17/Nov/2016:03:00:54 +0000] "GET /blog HTTP/1.1" 200 7186 "-" "Mozilla/5.0 (Windows NT 10.0; Win64; x64) AppleWebKit/537.36 (KHTML, like Gecko) Chrome/54.0.2840.99 Safari/537.36"
::1 - - [17/Nov/2016:03:00:54 +0000] "GET /bower_components/bootstrap/dist/css/bootstrap.css HTTP/1.1" 304 - "http://localhost:4000/blog" "Mozilla/5.0 (Windows NT 10.0; Win64; x64) AppleWebKit/537.36 (KHTML, like Gecko) Chrome/54.0.2840.99 Safari/537.36"
::1 - - [17/Nov/2016:03:00:54 +0000] "GET /bower_components/jquery/dist/jquery.js HTTP/1.1" 304 - "http://localhost:4000/blog" "Mozilla/5.0 (Windows NT 10.0; Win64; x64) AppleWebKit/537.36 (KHTML, like Gecko) Chrome/54.0.2840.99 Safari/537.36"
::1 - - [17/Nov/2016:03:00:54 +0000] "GET /app/blog.js HTTP/1.1" 304 - "http://localhost:4000/blog" "Mozilla/5.0 (Windows NT 10.0; Win64; x64) AppleWebKit/537.36 (KHTML, like Gecko) Chrome/54.0.2840.99 Safari/537.36"
::1 - - [17/Nov/2016:03:00:54 +0000] "GET /bower_components/bootstrap/dist/css/bootstrap.css.map HTTP/1.1" 304 - "-" "Mozilla/5.0 (Windows NT 10.0; Win64; x64) AppleWebKit/537.36 (KHTML, like Gecko) Chrome/54.0.2840.99 Safari/537.36"
::1 - - [17/Nov/2016:03:01:28 +0000] "GET /blog HTTP/1.1" 304 - "-" "Mozilla/5.0 (Windows NT 10.0; Win64; x64) AppleWebKit/537.36 (KHTML, like Gecko) Chrome/54.0.2840.99 Safari/537.36"
::1 - - [17/Nov/2016:03:01:28 +0000] "GET /bower_components/bootstrap/dist/css/bootstrap.css HTTP/1.1" 304 - "http://localhost:4000/blog" "Mozilla/5.0 (Windows NT 10.0; Win64; x64) AppleWebKit/537.36 (KHTML, like Gecko) Chrome/54.0.2840.99 Safari/537.36"
::1 - - [17/Nov/2016:03:01:28 +0000] "GET /bower_components/jquery/dist/jquery.js HTTP/1.1" 304 - "http://localhost:4000/blog" "Mozilla/5.0 (Windows NT 10.0; Win64; x64) AppleWebKit/537.36 (KHTML, like Gecko) Chrome/54.0.2840.99 Safari/537.36"
::1 - - [17/Nov/2016:03:01:28 +0000] "GET /app/blog.js HTTP/1.1" 304 - "http://localhost:4000/blog" "Mozilla/5.0 (Windows NT 10.0; Win64; x64) AppleWebKit/537.36 (KHTML, like Gecko) Chrome/54.0.2840.99 Safari/537.36"
::1 - - [17/Nov/2016:03:01:28 +0000] "GET /bower_components/bootstrap/dist/css/bootstrap.css.map HTTP/1.1" 304 - "-" "Mozilla/5.0 (Windows NT 10.0; Win64; x64) AppleWebKit/537.36 (KHTML, like Gecko) Chrome/54.0.2840.99 Safari/537.36"
::1 - - [17/Nov/2016:03:02:34 +0000] "POST /updateBlog HTTP/1.1" 200 125 "http://localhost:4000/blog" "Mozilla/5.0 (Windows NT 10.0; Win64; x64) AppleWebKit/537.36 (KHTML, like Gecko) Chrome/54.0.2840.99 Safari/537.36"
::1 - - [17/Nov/2016:03:03:52 +0000] "GET /blog HTTP/1.1" 200 7187 "-" "Mozilla/5.0 (Windows NT 10.0; Win64; x64) AppleWebKit/537.36 (KHTML, like Gecko) Chrome/54.0.2840.99 Safari/537.36"
::1 - - [17/Nov/2016:03:03:52 +0000] "GET /bower_components/bootstrap/dist/css/bootstrap.css HTTP/1.1" 304 - "http://localhost:4000/blog" "Mozilla/5.0 (Windows NT 10.0; Win64; x64) AppleWebKit/537.36 (KHTML, like Gecko) Chrome/54.0.2840.99 Safari/537.36"
::1 - - [17/Nov/2016:03:03:52 +0000] "GET /bower_components/jquery/dist/jquery.js HTTP/1.1" 304 - "http://localhost:4000/blog" "Mozilla/5.0 (Windows NT 10.0; Win64; x64) AppleWebKit/537.36 (KHTML, like Gecko) Chrome/54.0.2840.99 Safari/537.36"
::1 - - [17/Nov/2016:03:03:52 +0000] "GET /app/blog.js HTTP/1.1" 304 - "http://localhost:4000/blog" "Mozilla/5.0 (Windows NT 10.0; Win64; x64) AppleWebKit/537.36 (KHTML, like Gecko) Chrome/54.0.2840.99 Safari/537.36"
::1 - - [17/Nov/2016:03:03:52 +0000] "GET /bower_components/bootstrap/dist/css/bootstrap.css.map HTTP/1.1" 304 - "-" "Mozilla/5.0 (Windows NT 10.0; Win64; x64) AppleWebKit/537.36 (KHTML, like Gecko) Chrome/54.0.2840.99 Safari/537.36"
::1 - - [17/Nov/2016:03:04:14 +0000] "POST /updateBlog HTTP/1.1" 200 126 "http://localhost:4000/blog" "Mozilla/5.0 (Windows NT 10.0; Win64; x64) AppleWebKit/537.36 (KHTML, like Gecko) Chrome/54.0.2840.99 Safari/537.36"
::1 - - [17/Nov/2016:03:05:45 +0000] "GET /blog HTTP/1.1" 200 7188 "-" "Mozilla/5.0 (Windows NT 10.0; Win64; x64) AppleWebKit/537.36 (KHTML, like Gecko) Chrome/54.0.2840.99 Safari/537.36"
::1 - - [17/Nov/2016:03:05:45 +0000] "GET /bower_components/bootstrap/dist/css/bootstrap.css HTTP/1.1" 304 - "http://localhost:4000/blog" "Mozilla/5.0 (Windows NT 10.0; Win64; x64) AppleWebKit/537.36 (KHTML, like Gecko) Chrome/54.0.2840.99 Safari/537.36"
::1 - - [17/Nov/2016:03:05:45 +0000] "GET /bower_components/jquery/dist/jquery.js HTTP/1.1" 304 - "http://localhost:4000/blog" "Mozilla/5.0 (Windows NT 10.0; Win64; x64) AppleWebKit/537.36 (KHTML, like Gecko) Chrome/54.0.2840.99 Safari/537.36"
::1 - - [17/Nov/2016:03:05:45 +0000] "GET /app/blog.js HTTP/1.1" 304 - "http://localhost:4000/blog" "Mozilla/5.0 (Windows NT 10.0; Win64; x64) AppleWebKit/537.36 (KHTML, like Gecko) Chrome/54.0.2840.99 Safari/537.36"
::1 - - [17/Nov/2016:03:05:45 +0000] "GET /bower_components/bootstrap/dist/css/bootstrap.css.map HTTP/1.1" 304 - "-" "Mozilla/5.0 (Windows NT 10.0; Win64; x64) AppleWebKit/537.36 (KHTML, like Gecko) Chrome/54.0.2840.99 Safari/537.36"
::1 - - [17/Nov/2016:03:05:57 +0000] "POST /updateBlog HTTP/1.1" 200 122 "http://localhost:4000/blog" "Mozilla/5.0 (Windows NT 10.0; Win64; x64) AppleWebKit/537.36 (KHTML, like Gecko) Chrome/54.0.2840.99 Safari/537.36"
::1 - - [17/Nov/2016:03:06:06 +0000] "GET /blog HTTP/1.1" 200 7189 "-" "Mozilla/5.0 (Windows NT 10.0; Win64; x64) AppleWebKit/537.36 (KHTML, like Gecko) Chrome/54.0.2840.99 Safari/537.36"
::1 - - [17/Nov/2016:03:06:06 +0000] "GET /app/blog.js HTTP/1.1" 304 - "http://localhost:4000/blog" "Mozilla/5.0 (Windows NT 10.0; Win64; x64) AppleWebKit/537.36 (KHTML, like Gecko) Chrome/54.0.2840.99 Safari/537.36"
::1 - - [17/Nov/2016:03:06:06 +0000] "GET /bower_components/jquery/dist/jquery.js HTTP/1.1" 304 - "http://localhost:4000/blog" "Mozilla/5.0 (Windows NT 10.0; Win64; x64) AppleWebKit/537.36 (KHTML, like Gecko) Chrome/54.0.2840.99 Safari/537.36"
::1 - - [17/Nov/2016:03:06:06 +0000] "GET /bower_components/bootstrap/dist/css/bootstrap.css HTTP/1.1" 304 - "http://localhost:4000/blog" "Mozilla/5.0 (Windows NT 10.0; Win64; x64) AppleWebKit/537.36 (KHTML, like Gecko) Chrome/54.0.2840.99 Safari/537.36"
::1 - - [17/Nov/2016:03:06:06 +0000] "GET /bower_components/bootstrap/dist/css/bootstrap.css.map HTTP/1.1" 304 - "-" "Mozilla/5.0 (Windows NT 10.0; Win64; x64) AppleWebKit/537.36 (KHTML, like Gecko) Chrome/54.0.2840.99 Safari/537.36"
::1 - - [17/Nov/2016:03:06:31 +0000] "POST /updateBlog HTTP/1.1" 200 149 "http://localhost:4000/blog" "Mozilla/5.0 (Windows NT 10.0; Win64; x64) AppleWebKit/537.36 (KHTML, like Gecko) Chrome/54.0.2840.99 Safari/537.36"
::1 - - [17/Nov/2016:03:06:36 +0000] "GET /blog HTTP/1.1" 200 7190 "-" "Mozilla/5.0 (Windows NT 10.0; Win64; x64) AppleWebKit/537.36 (KHTML, like Gecko) Chrome/54.0.2840.99 Safari/537.36"
::1 - - [17/Nov/2016:03:06:36 +0000] "GET /bower_components/bootstrap/dist/css/bootstrap.css HTTP/1.1" 304 - "http://localhost:4000/blog" "Mozilla/5.0 (Windows NT 10.0; Win64; x64) AppleWebKit/537.36 (KHTML, like Gecko) Chrome/54.0.2840.99 Safari/537.36"
::1 - - [17/Nov/2016:03:06:36 +0000] "GET /bower_components/jquery/dist/jquery.js HTTP/1.1" 304 - "http://localhost:4000/blog" "Mozilla/5.0 (Windows NT 10.0; Win64; x64) AppleWebKit/537.36 (KHTML, like Gecko) Chrome/54.0.2840.99 Safari/537.36"
::1 - - [17/Nov/2016:03:06:36 +0000] "GET /app/blog.js HTTP/1.1" 304 - "http://localhost:4000/blog" "Mozilla/5.0 (Windows NT 10.0; Win64; x64) AppleWebKit/537.36 (KHTML, like Gecko) Chrome/54.0.2840.99 Safari/537.36"
::1 - - [17/Nov/2016:03:06:36 +0000] "GET /bower_components/bootstrap/dist/css/bootstrap.css.map HTTP/1.1" 304 - "-" "Mozilla/5.0 (Windows NT 10.0; Win64; x64) AppleWebKit/537.36 (KHTML, like Gecko) Chrome/54.0.2840.99 Safari/537.36"
::1 - - [17/Nov/2016:03:15:03 +0000] "GET /blog HTTP/1.1" 200 7190 "-" "Mozilla/5.0 (Windows NT 10.0; Win64; x64) AppleWebKit/537.36 (KHTML, like Gecko) Chrome/54.0.2840.99 Safari/537.36"
::1 - - [17/Nov/2016:03:15:03 +0000] "GET /bower_components/bootstrap/dist/css/bootstrap.css HTTP/1.1" 304 - "http://localhost:4000/blog" "Mozilla/5.0 (Windows NT 10.0; Win64; x64) AppleWebKit/537.36 (KHTML, like Gecko) Chrome/54.0.2840.99 Safari/537.36"
::1 - - [17/Nov/2016:03:15:03 +0000] "GET /bower_components/jquery/dist/jquery.js HTTP/1.1" 304 - "http://localhost:4000/blog" "Mozilla/5.0 (Windows NT 10.0; Win64; x64) AppleWebKit/537.36 (KHTML, like Gecko) Chrome/54.0.2840.99 Safari/537.36"
::1 - - [17/Nov/2016:03:15:03 +0000] "GET /app/blog.js HTTP/1.1" 304 - "http://localhost:4000/blog" "Mozilla/5.0 (Windows NT 10.0; Win64; x64) AppleWebKit/537.36 (KHTML, like Gecko) Chrome/54.0.2840.99 Safari/537.36"
::1 - - [17/Nov/2016:03:15:06 +0000] "GET /login HTTP/1.1" 200 2139 "-" "Mozilla/5.0 (Windows NT 10.0; Win64; x64) AppleWebKit/537.36 (KHTML, like Gecko) Chrome/54.0.2840.99 Safari/537.36"
::1 - - [17/Nov/2016:03:15:26 +0000] "GET /register HTTP/1.1" 200 202 "-" "Mozilla/5.0 (Windows NT 10.0; Win64; x64) AppleWebKit/537.36 (KHTML, like Gecko) Chrome/54.0.2840.99 Safari/537.36"
::1 - - [17/Nov/2016:03:17:13 +0000] "GET /register HTTP/1.1" 200 338 "-" "Mozilla/5.0 (Windows NT 10.0; Win64; x64) AppleWebKit/537.36 (KHTML, like Gecko) Chrome/54.0.2840.99 Safari/537.36"
::1 - - [17/Nov/2016:03:18:45 +0000] "GET /register HTTP/1.1" 200 422 "-" "Mozilla/5.0 (Windows NT 10.0; Win64; x64) AppleWebKit/537.36 (KHTML, like Gecko) Chrome/54.0.2840.99 Safari/537.36"
::1 - - [17/Nov/2016:03:19:00 +0000] "GET /register HTTP/1.1" 200 420 "-" "Mozilla/5.0 (Windows NT 10.0; Win64; x64) AppleWebKit/537.36 (KHTML, like Gecko) Chrome/54.0.2840.99 Safari/537.36"
::1 - - [17/Nov/2016:03:19:25 +0000] "POST /register HTTP/1.1" 200 189 "http://localhost:4000/register" "Mozilla/5.0 (Windows NT 10.0; Win64; x64) AppleWebKit/537.36 (KHTML, like Gecko) Chrome/54.0.2840.99 Safari/537.36"
::1 - - [17/Nov/2016:03:22:23 +0000] "GET /register HTTP/1.1" 200 420 "-" "Mozilla/5.0 (Windows NT 10.0; Win64; x64) AppleWebKit/537.36 (KHTML, like Gecko) Chrome/54.0.2840.99 Safari/537.36"
::1 - - [17/Nov/2016:03:22:26 +0000] "POST /register HTTP/1.1" 500 1760 "http://localhost:4000/register" "Mozilla/5.0 (Windows NT 10.0; Win64; x64) AppleWebKit/537.36 (KHTML, like Gecko) Chrome/54.0.2840.99 Safari/537.36"
::1 - - [17/Nov/2016:03:22:39 +0000] "POST /register HTTP/1.1" 200 15 "http://localhost:4000/register" "Mozilla/5.0 (Windows NT 10.0; Win64; x64) AppleWebKit/537.36 (KHTML, like Gecko) Chrome/54.0.2840.99 Safari/537.36"
::1 - - [17/Nov/2016:03:22:42 +0000] "GET /register HTTP/1.1" 200 420 "-" "Mozilla/5.0 (Windows NT 10.0; Win64; x64) AppleWebKit/537.36 (KHTML, like Gecko) Chrome/54.0.2840.99 Safari/537.36"
::1 - - [17/Nov/2016:03:22:44 +0000] "POST /register HTTP/1.1" 200 15 "http://localhost:4000/register" "Mozilla/5.0 (Windows NT 10.0; Win64; x64) AppleWebKit/537.36 (KHTML, like Gecko) Chrome/54.0.2840.99 Safari/537.36"
::1 - - [17/Nov/2016:03:25:24 +0000] "GET /login HTTP/1.1" 304 - "-" "Mozilla/5.0 (Windows NT 10.0; Win64; x64) AppleWebKit/537.36 (KHTML, like Gecko) Chrome/54.0.2840.99 Safari/537.36"
::1 - - [17/Nov/2016:03:25:29 +0000] "GET /login? HTTP/1.1" 200 2139 "http://localhost:4000/login" "Mozilla/5.0 (Windows NT 10.0; Win64; x64) AppleWebKit/537.36 (KHTML, like Gecko) Chrome/54.0.2840.99 Safari/537.36"
::1 - - [17/Nov/2016:03:26:32 +0000] "GET /login? HTTP/1.1" 200 2176 "http://localhost:4000/login" "Mozilla/5.0 (Windows NT 10.0; Win64; x64) AppleWebKit/537.36 (KHTML, like Gecko) Chrome/54.0.2840.99 Safari/537.36"
::1 - - [17/Nov/2016:03:27:01 +0000] "GET /login? HTTP/1.1" 200 2175 "http://localhost:4000/login" "Mozilla/5.0 (Windows NT 10.0; Win64; x64) AppleWebKit/537.36 (KHTML, like Gecko) Chrome/54.0.2840.99 Safari/537.36"
::1 - - [17/Nov/2016:03:28:14 +0000] "POST /authenticate HTTP/1.1" - - "http://localhost:4000/login?" "Mozilla/5.0 (Windows NT 10.0; Win64; x64) AppleWebKit/537.36 (KHTML, like Gecko) Chrome/54.0.2840.99 Safari/537.36"
::1 - - [17/Nov/2016:03:28:15 +0000] "GET /login? HTTP/1.1" 200 2336 "http://localhost:4000/login" "Mozilla/5.0 (Windows NT 10.0; Win64; x64) AppleWebKit/537.36 (KHTML, like Gecko) Chrome/54.0.2840.99 Safari/537.36"
::ffff:127.0.0.1 - - [17/Nov/2016:03:28:57 +0000] "POST /authenticate HTTP/1.1" - - "http://localhost:4000/login?" "Mozilla/5.0 (Windows NT 10.0; Win64; x64) AppleWebKit/537.36 (KHTML, like Gecko) Chrome/54.0.2840.99 Safari/537.36"
::1 - - [17/Nov/2016:03:28:59 +0000] "POST /authenticate HTTP/1.1" 200 2 "http://localhost:4000/login?" "Mozilla/5.0 (Windows NT 10.0; Win64; x64) AppleWebKit/537.36 (KHTML, like Gecko) Chrome/54.0.2840.99 Safari/537.36"
::1 - - [17/Nov/2016:03:30:08 +0000] "POST /authenticate HTTP/1.1" 200 18 "http://localhost:4000/login?" "Mozilla/5.0 (Windows NT 10.0; Win64; x64) AppleWebKit/537.36 (KHTML, like Gecko) Chrome/54.0.2840.99 Safari/537.36"
::1 - - [17/Nov/2016:03:33:20 +0000] "POST /authenticate HTTP/1.1" 200 16 "http://localhost:4000/login?" "Mozilla/5.0 (Windows NT 10.0; Win64; x64) AppleWebKit/537.36 (KHTML, like Gecko) Chrome/54.0.2840.99 Safari/537.36"
::1 - - [17/Nov/2016:03:33:28 +0000] "GET /register HTTP/1.1" 200 420 "-" "Mozilla/5.0 (Windows NT 10.0; Win64; x64) AppleWebKit/537.36 (KHTML, like Gecko) Chrome/54.0.2840.99 Safari/537.36"
::1 - - [17/Nov/2016:03:33:40 +0000] "POST /register HTTP/1.1" 200 15 "http://localhost:4000/register" "Mozilla/5.0 (Windows NT 10.0; Win64; x64) AppleWebKit/537.36 (KHTML, like Gecko) Chrome/54.0.2840.99 Safari/537.36"
::1 - - [17/Nov/2016:03:33:44 +0000] "GET /register HTTP/1.1" 200 420 "-" "Mozilla/5.0 (Windows NT 10.0; Win64; x64) AppleWebKit/537.36 (KHTML, like Gecko) Chrome/54.0.2840.99 Safari/537.36"
::1 - - [17/Nov/2016:03:34:16 +0000] "POST /register HTTP/1.1" 200 15 "http://localhost:4000/register" "Mozilla/5.0 (Windows NT 10.0; Win64; x64) AppleWebKit/537.36 (KHTML, like Gecko) Chrome/54.0.2840.99 Safari/537.36"
::1 - - [17/Nov/2016:03:35:06 +0000] "GET /register HTTP/1.1" 200 420 "-" "Mozilla/5.0 (Windows NT 10.0; Win64; x64) AppleWebKit/537.36 (KHTML, like Gecko) Chrome/54.0.2840.99 Safari/537.36"
::1 - - [17/Nov/2016:03:35:08 +0000] "POST /register HTTP/1.1" 200 15 "http://localhost:4000/register" "Mozilla/5.0 (Windows NT 10.0; Win64; x64) AppleWebKit/537.36 (KHTML, like Gecko) Chrome/54.0.2840.99 Safari/537.36"
::1 - - [17/Nov/2016:03:35:41 +0000] "GET /register HTTP/1.1" 200 420 "-" "Mozilla/5.0 (Windows NT 10.0; Win64; x64) AppleWebKit/537.36 (KHTML, like Gecko) Chrome/54.0.2840.99 Safari/537.36"
::ffff:127.0.0.1 - - [17/Nov/2016:03:35:53 +0000] "POST /register HTTP/1.1" 200 184 "http://localhost:4000/register" "Mozilla/5.0 (Windows NT 10.0; Win64; x64) AppleWebKit/537.36 (KHTML, like Gecko) Chrome/54.0.2840.99 Safari/537.36"
::ffff:127.0.0.1 - - [17/Nov/2016:03:36:10 +0000] "GET /login HTTP/1.1" 200 2336 "-" "Mozilla/5.0 (Windows NT 10.0; Win64; x64) AppleWebKit/537.36 (KHTML, like Gecko) Chrome/54.0.2840.99 Safari/537.36"
::ffff:127.0.0.1 - - [17/Nov/2016:03:36:15 +0000] "POST /authenticate HTTP/1.1" 200 18 "http://localhost:4000/login" "Mozilla/5.0 (Windows NT 10.0; Win64; x64) AppleWebKit/537.36 (KHTML, like Gecko) Chrome/54.0.2840.99 Safari/537.36"
